-- Install configuration: ""
-- Up-to-date: /home/sreeharischandra/panda_ws/install/panda_description/share/panda_description/launch
-- Installing: /home/sreeharischandra/panda_ws/install/panda_description/share/panda_description/launch/gazebo.launch.py
-- Up-to-date: /home/sreeharischandra/panda_ws/install/panda_description/share/panda_description/launch/display.launch.py
-- Up-to-date: /home/sreeharischandra/panda_ws/install/panda_description/share/panda_description/meshes
-- Up-to-date: /home/sreeharischandra/panda_ws/install/panda_description/share/panda_description/meshes/visual
-- Up-to-date: /home/sreeharischandra/panda_ws/install/panda_description/share/panda_description/meshes/visual/link4.dae
-- Up-to-date: /home/sreeharischandra/panda_ws/install/panda_description/share/panda_description/meshes/visual/link3.dae
-- Up-to-date: /home/sreeharischandra/panda_ws/install/panda_description/share/panda_description/meshes/visual/link2.dae
-- Up-to-date: /home/sreeharischandra/panda_ws/install/panda_description/share/panda_description/meshes/visual/hand.dae
-- Up-to-date: /home/sreeharischandra/panda_ws/install/panda_description/share/panda_description/meshes/visual/link1.dae
-- Up-to-date: /home/sreeharischandra/panda_ws/install/panda_description/share/panda_description/meshes/visual/link7.dae
-- Up-to-date: /home/sreeharischandra/panda_ws/install/panda_description/share/panda_description/meshes/visual/finger.dae
-- Up-to-date: /home/sreeharischandra/panda_ws/install/panda_description/share/panda_description/meshes/visual/camera.stl
-- Up-to-date: /home/sreeharischandra/panda_ws/install/panda_description/share/panda_description/meshes/visual/link0.dae
-- Up-to-date: /home/sreeharischandra/panda_ws/install/panda_description/share/panda_description/meshes/visual/link6.dae
-- Up-to-date: /home/sreeharischandra/panda_ws/install/panda_description/share/panda_description/meshes/visual/link5.dae
-- Up-to-date: /home/sreeharischandra/panda_ws/install/panda_description/share/panda_description/meshes/collision
-- Up-to-date: /home/sreeharischandra/panda_ws/install/panda_description/share/panda_description/meshes/collision/link5.obj
-- Up-to-date: /home/sreeharischandra/panda_ws/install/panda_description/share/panda_description/meshes/collision/link7.obj
-- Up-to-date: /home/sreeharischandra/panda_ws/install/panda_description/share/panda_description/meshes/collision/hand.obj
-- Up-to-date: /home/sreeharischandra/panda_ws/install/panda_description/share/panda_description/meshes/collision/link2.obj
-- Up-to-date: /home/sreeharischandra/panda_ws/install/panda_description/share/panda_description/meshes/collision/link0.obj
-- Up-to-date: /home/sreeharischandra/panda_ws/install/panda_description/share/panda_description/meshes/collision/link3.obj
-- Up-to-date: /home/sreeharischandra/panda_ws/install/panda_description/share/panda_description/meshes/collision/link1.obj
-- Up-to-date: /home/sreeharischandra/panda_ws/install/panda_description/share/panda_description/meshes/collision/finger.obj
-- Up-to-date: /home/sreeharischandra/panda_ws/install/panda_description/share/panda_description/meshes/collision/camera.stl
-- Up-to-date: /home/sreeharischandra/panda_ws/install/panda_description/share/panda_description/meshes/collision/link4.obj
-- Up-to-date: /home/sreeharischandra/panda_ws/install/panda_description/share/panda_description/meshes/collision/link6.obj
-- Up-to-date: /home/sreeharischandra/panda_ws/install/panda_description/share/panda_description/urdf
-- Installing: /home/sreeharischandra/panda_ws/install/panda_description/share/panda_description/urdf/ros2control.xacro
-- Installing: /home/sreeharischandra/panda_ws/install/panda_description/share/panda_description/urdf/panda.urdf.xacro
-- Up-to-date: /home/sreeharischandra/panda_ws/install/panda_description/share/panda_description/urdf/arm.xacro
-- Installing: /home/sreeharischandra/panda_ws/install/panda_description/share/panda_description/urdf/gazebo.xacro
-- Up-to-date: /home/sreeharischandra/panda_ws/install/panda_description/share/panda_description/rviz
-- Up-to-date: /home/sreeharischandra/panda_ws/install/panda_description/share/panda_description/rviz/display.rviz
-- Up-to-date: /home/sreeharischandra/panda_ws/install/panda_description/share/panda_description/worlds
-- Up-to-date: /home/sreeharischandra/panda_ws/install/panda_description/share/panda_description/worlds/empty.world
-- Up-to-date: /home/sreeharischandra/panda_ws/install/panda_description/share/panda_description/models
-- Up-to-date: /home/sreeharischandra/panda_ws/install/panda_description/share/panda_description/models/aws_robomaker_residential_Trash_01
-- Up-to-date: /home/sreeharischandra/panda_ws/install/panda_description/share/panda_description/models/aws_robomaker_residential_Trash_01/materials
-- Up-to-date: /home/sreeharischandra/panda_ws/install/panda_description/share/panda_description/models/aws_robomaker_residential_Trash_01/materials/textures
-- Up-to-date: /home/sreeharischandra/panda_ws/install/panda_description/share/panda_description/models/aws_robomaker_residential_Trash_01/materials/textures/aws_Trash_01.png
-- Up-to-date: /home/sreeharischandra/panda_ws/install/panda_description/share/panda_description/models/aws_robomaker_residential_Trash_01/model.config
-- Up-to-date: /home/sreeharischandra/panda_ws/install/panda_description/share/panda_description/models/aws_robomaker_residential_Trash_01/meshes
-- Up-to-date: /home/sreeharischandra/panda_ws/install/panda_description/share/panda_description/models/aws_robomaker_residential_Trash_01/meshes/aws_Trash_01_visual.DAE
-- Up-to-date: /home/sreeharischandra/panda_ws/install/panda_description/share/panda_description/models/aws_robomaker_residential_Trash_01/meshes/aws_Trash_01_collision.DAE
-- Up-to-date: /home/sreeharischandra/panda_ws/install/panda_description/share/panda_description/models/aws_robomaker_residential_Trash_01/model.sdf
-- Up-to-date: /home/sreeharischandra/panda_ws/install/panda_description/share/panda_description/models/aws_robomaker_residential_CoffeeTable_01
-- Up-to-date: /home/sreeharischandra/panda_ws/install/panda_description/share/panda_description/models/aws_robomaker_residential_CoffeeTable_01/materials
-- Up-to-date: /home/sreeharischandra/panda_ws/install/panda_description/share/panda_description/models/aws_robomaker_residential_CoffeeTable_01/materials/textures
-- Up-to-date: /home/sreeharischandra/panda_ws/install/panda_description/share/panda_description/models/aws_robomaker_residential_CoffeeTable_01/materials/textures/aws_CoffeeTable_01.png
-- Up-to-date: /home/sreeharischandra/panda_ws/install/panda_description/share/panda_description/models/aws_robomaker_residential_CoffeeTable_01/model.config
-- Up-to-date: /home/sreeharischandra/panda_ws/install/panda_description/share/panda_description/models/aws_robomaker_residential_CoffeeTable_01/meshes
-- Up-to-date: /home/sreeharischandra/panda_ws/install/panda_description/share/panda_description/models/aws_robomaker_residential_CoffeeTable_01/meshes/aws_CoffeeTable_01_collision.DAE
-- Up-to-date: /home/sreeharischandra/panda_ws/install/panda_description/share/panda_description/models/aws_robomaker_residential_CoffeeTable_01/meshes/aws_CoffeeTable_01_visual.DAE
-- Up-to-date: /home/sreeharischandra/panda_ws/install/panda_description/share/panda_description/models/aws_robomaker_residential_CoffeeTable_01/model.sdf
-- Up-to-date: /home/sreeharischandra/panda_ws/install/panda_description/share/ament_index/resource_index/package_run_dependencies/panda_description
-- Up-to-date: /home/sreeharischandra/panda_ws/install/panda_description/share/ament_index/resource_index/parent_prefix_path/panda_description
-- Up-to-date: /home/sreeharischandra/panda_ws/install/panda_description/share/panda_description/environment/ament_prefix_path.sh
-- Up-to-date: /home/sreeharischandra/panda_ws/install/panda_description/share/panda_description/environment/ament_prefix_path.dsv
-- Up-to-date: /home/sreeharischandra/panda_ws/install/panda_description/share/panda_description/environment/path.sh
-- Up-to-date: /home/sreeharischandra/panda_ws/install/panda_description/share/panda_description/environment/path.dsv
-- Up-to-date: /home/sreeharischandra/panda_ws/install/panda_description/share/panda_description/local_setup.bash
-- Up-to-date: /home/sreeharischandra/panda_ws/install/panda_description/share/panda_description/local_setup.sh
-- Up-to-date: /home/sreeharischandra/panda_ws/install/panda_description/share/panda_description/local_setup.zsh
-- Up-to-date: /home/sreeharischandra/panda_ws/install/panda_description/share/panda_description/local_setup.dsv
-- Up-to-date: /home/sreeharischandra/panda_ws/install/panda_description/share/panda_description/package.dsv
-- Up-to-date: /home/sreeharischandra/panda_ws/install/panda_description/share/ament_index/resource_index/packages/panda_description
-- Up-to-date: /home/sreeharischandra/panda_ws/install/panda_description/share/panda_description/cmake/panda_descriptionConfig.cmake
-- Up-to-date: /home/sreeharischandra/panda_ws/install/panda_description/share/panda_description/cmake/panda_descriptionConfig-version.cmake
-- Up-to-date: /home/sreeharischandra/panda_ws/install/panda_description/share/panda_description/package.xml
