[0.102s] DEBUG:colcon:Command line arguments: ['/usr/bin/colcon', 'build', '--symlink-install']
[0.102s] DEBUG:colcon:Parsed command line arguments: Namespace(log_base=None, log_level=None, verb_name='build', build_base='build', install_base='install', merge_install=False, symlink_install=True, test_result_base=None, continue_on_error=False, executor='parallel', parallel_workers=4, event_handlers=None, ignore_user_meta=False, metas=['./colcon.meta'], base_paths=['.'], packages_ignore=None, packages_ignore_regex=None, paths=None, packages_up_to=None, packages_up_to_regex=None, packages_above=None, packages_above_and_dependencies=None, packages_above_depth=None, packages_select_by_dep=None, packages_skip_by_dep=None, packages_skip_up_to=None, packages_select_build_failed=False, packages_skip_build_finished=False, packages_select_test_failures=False, packages_skip_test_passed=False, packages_select=None, packages_skip=None, packages_select_regex=None, packages_skip_regex=None, packages_start=None, packages_end=None, allow_overriding=[], cmake_args=None, cmake_target=None, cmake_target_skip_unavailable=False, cmake_clean_cache=False, cmake_clean_first=False, cmake_force_configure=False, ament_cmake_args=None, catkin_cmake_args=None, catkin_skip_building_tests=False, verb_parser=<colcon_defaults.argument_parser.defaults.DefaultArgumentsDecorator object at 0x764bec77b190>, verb_extension=<colcon_core.verb.build.BuildVerb object at 0x764bec77ad40>, main=<bound method BuildVerb.main of <colcon_core.verb.build.BuildVerb object at 0x764bec77ad40>>)
[0.130s] Level 1:colcon.colcon_core.package_discovery:discover_packages(colcon_meta) check parameters
[0.130s] Level 1:colcon.colcon_core.package_discovery:discover_packages(recursive) check parameters
[0.130s] Level 1:colcon.colcon_core.package_discovery:discover_packages(ignore) check parameters
[0.130s] Level 1:colcon.colcon_core.package_discovery:discover_packages(path) check parameters
[0.130s] Level 1:colcon.colcon_core.package_discovery:discover_packages(colcon_meta) discover
[0.130s] Level 1:colcon.colcon_core.package_discovery:discover_packages(recursive) discover
[0.130s] INFO:colcon.colcon_core.package_discovery:Crawling recursively for packages in '/home/sreeharischandra/panda_ws'
[0.130s] Level 1:colcon.colcon_core.package_identification:_identify(.) by extensions ['ignore', 'ignore_ament_install']
[0.130s] Level 1:colcon.colcon_core.package_identification:_identify(.) by extension 'ignore'
[0.130s] Level 1:colcon.colcon_core.package_identification:_identify(.) by extension 'ignore_ament_install'
[0.130s] Level 1:colcon.colcon_core.package_identification:_identify(.) by extensions ['colcon_pkg']
[0.130s] Level 1:colcon.colcon_core.package_identification:_identify(.) by extension 'colcon_pkg'
[0.130s] Level 1:colcon.colcon_core.package_identification:_identify(.) by extensions ['colcon_meta']
[0.131s] Level 1:colcon.colcon_core.package_identification:_identify(.) by extension 'colcon_meta'
[0.131s] Level 1:colcon.colcon_core.package_identification:_identify(.) by extensions ['ros']
[0.131s] Level 1:colcon.colcon_core.package_identification:_identify(.) by extension 'ros'
[0.142s] Level 1:colcon.colcon_core.package_identification:_identify(.) by extensions ['cmake', 'python']
[0.142s] Level 1:colcon.colcon_core.package_identification:_identify(.) by extension 'cmake'
[0.142s] Level 1:colcon.colcon_core.package_identification:_identify(.) by extension 'python'
[0.142s] Level 1:colcon.colcon_core.package_identification:_identify(.) by extensions ['python_setup_py']
[0.142s] Level 1:colcon.colcon_core.package_identification:_identify(.) by extension 'python_setup_py'
[0.142s] Level 1:colcon.colcon_core.package_identification:_identify(build) by extensions ['ignore', 'ignore_ament_install']
[0.142s] Level 1:colcon.colcon_core.package_identification:_identify(build) by extension 'ignore'
[0.142s] Level 1:colcon.colcon_core.package_identification:_identify(build) ignored
[0.142s] Level 1:colcon.colcon_core.package_identification:_identify(install) by extensions ['ignore', 'ignore_ament_install']
[0.142s] Level 1:colcon.colcon_core.package_identification:_identify(install) by extension 'ignore'
[0.142s] Level 1:colcon.colcon_core.package_identification:_identify(install) ignored
[0.142s] Level 1:colcon.colcon_core.package_identification:_identify(log) by extensions ['ignore', 'ignore_ament_install']
[0.142s] Level 1:colcon.colcon_core.package_identification:_identify(log) by extension 'ignore'
[0.142s] Level 1:colcon.colcon_core.package_identification:_identify(log) ignored
[0.142s] Level 1:colcon.colcon_core.package_identification:_identify(src) by extensions ['ignore', 'ignore_ament_install']
[0.143s] Level 1:colcon.colcon_core.package_identification:_identify(src) by extension 'ignore'
[0.143s] Level 1:colcon.colcon_core.package_identification:_identify(src) by extension 'ignore_ament_install'
[0.143s] Level 1:colcon.colcon_core.package_identification:_identify(src) by extensions ['colcon_pkg']
[0.143s] Level 1:colcon.colcon_core.package_identification:_identify(src) by extension 'colcon_pkg'
[0.143s] Level 1:colcon.colcon_core.package_identification:_identify(src) by extensions ['colcon_meta']
[0.143s] Level 1:colcon.colcon_core.package_identification:_identify(src) by extension 'colcon_meta'
[0.143s] Level 1:colcon.colcon_core.package_identification:_identify(src) by extensions ['ros']
[0.143s] Level 1:colcon.colcon_core.package_identification:_identify(src) by extension 'ros'
[0.143s] Level 1:colcon.colcon_core.package_identification:_identify(src) by extensions ['cmake', 'python']
[0.143s] Level 1:colcon.colcon_core.package_identification:_identify(src) by extension 'cmake'
[0.143s] Level 1:colcon.colcon_core.package_identification:_identify(src) by extension 'python'
[0.143s] Level 1:colcon.colcon_core.package_identification:_identify(src) by extensions ['python_setup_py']
[0.143s] Level 1:colcon.colcon_core.package_identification:_identify(src) by extension 'python_setup_py'
[0.143s] Level 1:colcon.colcon_core.package_identification:_identify(src/panda_controller) by extensions ['ignore', 'ignore_ament_install']
[0.143s] Level 1:colcon.colcon_core.package_identification:_identify(src/panda_controller) by extension 'ignore'
[0.143s] Level 1:colcon.colcon_core.package_identification:_identify(src/panda_controller) by extension 'ignore_ament_install'
[0.143s] Level 1:colcon.colcon_core.package_identification:_identify(src/panda_controller) by extensions ['colcon_pkg']
[0.143s] Level 1:colcon.colcon_core.package_identification:_identify(src/panda_controller) by extension 'colcon_pkg'
[0.143s] Level 1:colcon.colcon_core.package_identification:_identify(src/panda_controller) by extensions ['colcon_meta']
[0.143s] Level 1:colcon.colcon_core.package_identification:_identify(src/panda_controller) by extension 'colcon_meta'
[0.143s] Level 1:colcon.colcon_core.package_identification:_identify(src/panda_controller) by extensions ['ros']
[0.143s] Level 1:colcon.colcon_core.package_identification:_identify(src/panda_controller) by extension 'ros'
[0.145s] DEBUG:colcon.colcon_core.package_identification:Package 'src/panda_controller' with type 'ros.ament_cmake' and name 'panda_controller'
[0.145s] Level 1:colcon.colcon_core.package_identification:_identify(src/panda_description) by extensions ['ignore', 'ignore_ament_install']
[0.145s] Level 1:colcon.colcon_core.package_identification:_identify(src/panda_description) by extension 'ignore'
[0.145s] Level 1:colcon.colcon_core.package_identification:_identify(src/panda_description) by extension 'ignore_ament_install'
[0.145s] Level 1:colcon.colcon_core.package_identification:_identify(src/panda_description) by extensions ['colcon_pkg']
[0.145s] Level 1:colcon.colcon_core.package_identification:_identify(src/panda_description) by extension 'colcon_pkg'
[0.145s] Level 1:colcon.colcon_core.package_identification:_identify(src/panda_description) by extensions ['colcon_meta']
[0.145s] Level 1:colcon.colcon_core.package_identification:_identify(src/panda_description) by extension 'colcon_meta'
[0.145s] Level 1:colcon.colcon_core.package_identification:_identify(src/panda_description) by extensions ['ros']
[0.145s] Level 1:colcon.colcon_core.package_identification:_identify(src/panda_description) by extension 'ros'
[0.147s] DEBUG:colcon.colcon_core.package_identification:Package 'src/panda_description' with type 'ros.ament_cmake' and name 'panda_description'
[0.147s] Level 1:colcon.colcon_core.package_discovery:discover_packages(recursive) using defaults
[0.147s] Level 1:colcon.colcon_core.package_discovery:discover_packages(ignore) discover
[0.147s] Level 1:colcon.colcon_core.package_discovery:discover_packages(ignore) using defaults
[0.147s] Level 1:colcon.colcon_core.package_discovery:discover_packages(path) discover
[0.147s] Level 1:colcon.colcon_core.package_discovery:discover_packages(path) using defaults
[0.162s] Level 1:colcon.colcon_core.package_discovery:discover_packages(prefix_path) check parameters
[0.162s] Level 1:colcon.colcon_core.package_discovery:discover_packages(prefix_path) discover
[0.163s] DEBUG:colcon.colcon_installed_package_information.package_discovery:Found 1 installed packages in /home/sreeharischandra/amr_ws/install
[0.163s] DEBUG:colcon.colcon_installed_package_information.package_discovery:Found 3 installed packages in /home/sreeharischandra/turtlebot3_ws/install
[0.165s] DEBUG:colcon.colcon_installed_package_information.package_discovery:Found 376 installed packages in /opt/ros/humble
[0.166s] Level 1:colcon.colcon_core.package_discovery:discover_packages(prefix_path) using defaults
[0.197s] Level 5:colcon.colcon_core.verb:set package 'panda_description' build argument 'cmake_args' from command line to 'None'
[0.197s] Level 5:colcon.colcon_core.verb:set package 'panda_description' build argument 'cmake_target' from command line to 'None'
[0.197s] Level 5:colcon.colcon_core.verb:set package 'panda_description' build argument 'cmake_target_skip_unavailable' from command line to 'False'
[0.197s] Level 5:colcon.colcon_core.verb:set package 'panda_description' build argument 'cmake_clean_cache' from command line to 'False'
[0.197s] Level 5:colcon.colcon_core.verb:set package 'panda_description' build argument 'cmake_clean_first' from command line to 'False'
[0.197s] Level 5:colcon.colcon_core.verb:set package 'panda_description' build argument 'cmake_force_configure' from command line to 'False'
[0.197s] Level 5:colcon.colcon_core.verb:set package 'panda_description' build argument 'ament_cmake_args' from command line to 'None'
[0.197s] Level 5:colcon.colcon_core.verb:set package 'panda_description' build argument 'catkin_cmake_args' from command line to 'None'
[0.197s] Level 5:colcon.colcon_core.verb:set package 'panda_description' build argument 'catkin_skip_building_tests' from command line to 'False'
[0.197s] DEBUG:colcon.colcon_core.verb:Building package 'panda_description' with the following arguments: {'ament_cmake_args': None, 'build_base': '/home/sreeharischandra/panda_ws/build/panda_description', 'catkin_cmake_args': None, 'catkin_skip_building_tests': False, 'cmake_args': None, 'cmake_clean_cache': False, 'cmake_clean_first': False, 'cmake_force_configure': False, 'cmake_target': None, 'cmake_target_skip_unavailable': False, 'install_base': '/home/sreeharischandra/panda_ws/install/panda_description', 'merge_install': False, 'path': '/home/sreeharischandra/panda_ws/src/panda_description', 'symlink_install': True, 'test_result_base': None}
[0.197s] Level 5:colcon.colcon_core.verb:set package 'panda_controller' build argument 'cmake_args' from command line to 'None'
[0.197s] Level 5:colcon.colcon_core.verb:set package 'panda_controller' build argument 'cmake_target' from command line to 'None'
[0.197s] Level 5:colcon.colcon_core.verb:set package 'panda_controller' build argument 'cmake_target_skip_unavailable' from command line to 'False'
[0.197s] Level 5:colcon.colcon_core.verb:set package 'panda_controller' build argument 'cmake_clean_cache' from command line to 'False'
[0.197s] Level 5:colcon.colcon_core.verb:set package 'panda_controller' build argument 'cmake_clean_first' from command line to 'False'
[0.197s] Level 5:colcon.colcon_core.verb:set package 'panda_controller' build argument 'cmake_force_configure' from command line to 'False'
[0.197s] Level 5:colcon.colcon_core.verb:set package 'panda_controller' build argument 'ament_cmake_args' from command line to 'None'
[0.197s] Level 5:colcon.colcon_core.verb:set package 'panda_controller' build argument 'catkin_cmake_args' from command line to 'None'
[0.197s] Level 5:colcon.colcon_core.verb:set package 'panda_controller' build argument 'catkin_skip_building_tests' from command line to 'False'
[0.197s] DEBUG:colcon.colcon_core.verb:Building package 'panda_controller' with the following arguments: {'ament_cmake_args': None, 'build_base': '/home/sreeharischandra/panda_ws/build/panda_controller', 'catkin_cmake_args': None, 'catkin_skip_building_tests': False, 'cmake_args': None, 'cmake_clean_cache': False, 'cmake_clean_first': False, 'cmake_force_configure': False, 'cmake_target': None, 'cmake_target_skip_unavailable': False, 'install_base': '/home/sreeharischandra/panda_ws/install/panda_controller', 'merge_install': False, 'path': '/home/sreeharischandra/panda_ws/src/panda_controller', 'symlink_install': True, 'test_result_base': None}
[0.198s] INFO:colcon.colcon_core.executor:Executing jobs using 'parallel' executor
[0.198s] DEBUG:colcon.colcon_parallel_executor.executor.parallel:run_until_complete
[0.198s] INFO:colcon.colcon_ros.task.ament_cmake.build:Building ROS package in '/home/sreeharischandra/panda_ws/src/panda_description' with build type 'ament_cmake'
[0.199s] INFO:colcon.colcon_cmake.task.cmake.build:Building CMake package in '/home/sreeharischandra/panda_ws/src/panda_description'
[0.200s] INFO:colcon.colcon_core.plugin_system:Skipping extension 'colcon_core.shell.bat': Not used on non-Windows systems
[0.200s] INFO:colcon.colcon_core.shell:Skip shell extension 'powershell' for command environment: Not usable outside of PowerShell
[0.200s] DEBUG:colcon.colcon_core.shell:Skip shell extension 'dsv' for command environment
[0.207s] DEBUG:colcon.colcon_core.event_handler.log_command:Invoking command in '/home/sreeharischandra/panda_ws/build/panda_description': CMAKE_PREFIX_PATH=${CMAKE_PREFIX_PATH}:/opt/ros/humble /usr/bin/cmake /home/sreeharischandra/panda_ws/src/panda_description -DAMENT_CMAKE_SYMLINK_INSTALL=1 -DCMAKE_INSTALL_PREFIX=/home/sreeharischandra/panda_ws/install/panda_description
[1.003s] DEBUG:colcon.colcon_core.event_handler.log_command:Invoked command in '/home/sreeharischandra/panda_ws/build/panda_description' returned '0': CMAKE_PREFIX_PATH=${CMAKE_PREFIX_PATH}:/opt/ros/humble /usr/bin/cmake /home/sreeharischandra/panda_ws/src/panda_description -DAMENT_CMAKE_SYMLINK_INSTALL=1 -DCMAKE_INSTALL_PREFIX=/home/sreeharischandra/panda_ws/install/panda_description
[1.004s] DEBUG:colcon.colcon_core.event_handler.log_command:Invoking command in '/home/sreeharischandra/panda_ws/build/panda_description': CMAKE_PREFIX_PATH=${CMAKE_PREFIX_PATH}:/opt/ros/humble /usr/bin/cmake --build /home/sreeharischandra/panda_ws/build/panda_description -- -j4 -l4
[1.020s] DEBUG:colcon.colcon_core.event_handler.log_command:Invoked command in '/home/sreeharischandra/panda_ws/build/panda_description' returned '0': CMAKE_PREFIX_PATH=${CMAKE_PREFIX_PATH}:/opt/ros/humble /usr/bin/cmake --build /home/sreeharischandra/panda_ws/build/panda_description -- -j4 -l4
[1.025s] DEBUG:colcon.colcon_core.event_handler.log_command:Invoking command in '/home/sreeharischandra/panda_ws/build/panda_description': CMAKE_PREFIX_PATH=${CMAKE_PREFIX_PATH}:/opt/ros/humble /usr/bin/cmake --install /home/sreeharischandra/panda_ws/build/panda_description
[1.166s] Level 1:colcon.colcon_core.environment:create_environment_scripts_only(panda_description)
[1.166s] DEBUG:colcon.colcon_core.event_handler.log_command:Invoked command in '/home/sreeharischandra/panda_ws/build/panda_description' returned '0': CMAKE_PREFIX_PATH=${CMAKE_PREFIX_PATH}:/opt/ros/humble /usr/bin/cmake --install /home/sreeharischandra/panda_ws/build/panda_description
[1.167s] Level 1:colcon.colcon_core.environment:checking '/home/sreeharischandra/panda_ws/install/panda_description' for CMake module files
[1.168s] Level 1:colcon.colcon_core.environment:checking '/home/sreeharischandra/panda_ws/install/panda_description' for CMake config files
[1.168s] Level 1:colcon.colcon_core.shell:create_environment_hook('panda_description', 'cmake_prefix_path')
[1.168s] INFO:colcon.colcon_core.shell:Creating environment hook '/home/sreeharischandra/panda_ws/install/panda_description/share/panda_description/hook/cmake_prefix_path.ps1'
[1.168s] INFO:colcon.colcon_core.shell:Creating environment descriptor '/home/sreeharischandra/panda_ws/install/panda_description/share/panda_description/hook/cmake_prefix_path.dsv'
[1.169s] INFO:colcon.colcon_core.shell:Creating environment hook '/home/sreeharischandra/panda_ws/install/panda_description/share/panda_description/hook/cmake_prefix_path.sh'
[1.169s] Level 1:colcon.colcon_core.environment:checking '/home/sreeharischandra/panda_ws/install/panda_description/bin'
[1.169s] Level 1:colcon.colcon_core.environment:checking '/home/sreeharischandra/panda_ws/install/panda_description/lib/pkgconfig/panda_description.pc'
[1.170s] Level 1:colcon.colcon_core.environment:checking '/home/sreeharischandra/panda_ws/install/panda_description/lib/python3.10/site-packages'
[1.170s] Level 1:colcon.colcon_core.environment:checking '/home/sreeharischandra/panda_ws/install/panda_description/bin'
[1.170s] INFO:colcon.colcon_core.shell:Creating package script '/home/sreeharischandra/panda_ws/install/panda_description/share/panda_description/package.ps1'
[1.171s] INFO:colcon.colcon_core.shell:Creating package descriptor '/home/sreeharischandra/panda_ws/install/panda_description/share/panda_description/package.dsv'
[1.171s] INFO:colcon.colcon_core.shell:Creating package script '/home/sreeharischandra/panda_ws/install/panda_description/share/panda_description/package.sh'
[1.171s] INFO:colcon.colcon_core.shell:Creating package script '/home/sreeharischandra/panda_ws/install/panda_description/share/panda_description/package.bash'
[1.172s] INFO:colcon.colcon_core.shell:Creating package script '/home/sreeharischandra/panda_ws/install/panda_description/share/panda_description/package.zsh'
[1.172s] Level 1:colcon.colcon_core.environment:create_file_with_runtime_dependencies(/home/sreeharischandra/panda_ws/install/panda_description/share/colcon-core/packages/panda_description)
[1.173s] Level 1:colcon.colcon_core.environment:create_environment_scripts_only(panda_description)
[1.173s] Level 1:colcon.colcon_core.environment:checking '/home/sreeharischandra/panda_ws/install/panda_description' for CMake module files
[1.173s] Level 1:colcon.colcon_core.environment:checking '/home/sreeharischandra/panda_ws/install/panda_description' for CMake config files
[1.174s] Level 1:colcon.colcon_core.shell:create_environment_hook('panda_description', 'cmake_prefix_path')
[1.174s] INFO:colcon.colcon_core.shell:Creating environment hook '/home/sreeharischandra/panda_ws/install/panda_description/share/panda_description/hook/cmake_prefix_path.ps1'
[1.175s] INFO:colcon.colcon_core.shell:Creating environment descriptor '/home/sreeharischandra/panda_ws/install/panda_description/share/panda_description/hook/cmake_prefix_path.dsv'
[1.175s] INFO:colcon.colcon_core.shell:Creating environment hook '/home/sreeharischandra/panda_ws/install/panda_description/share/panda_description/hook/cmake_prefix_path.sh'
[1.175s] Level 1:colcon.colcon_core.environment:checking '/home/sreeharischandra/panda_ws/install/panda_description/bin'
[1.175s] Level 1:colcon.colcon_core.environment:checking '/home/sreeharischandra/panda_ws/install/panda_description/lib/pkgconfig/panda_description.pc'
[1.176s] Level 1:colcon.colcon_core.environment:checking '/home/sreeharischandra/panda_ws/install/panda_description/lib/python3.10/site-packages'
[1.176s] Level 1:colcon.colcon_core.environment:checking '/home/sreeharischandra/panda_ws/install/panda_description/bin'
[1.176s] INFO:colcon.colcon_core.shell:Creating package script '/home/sreeharischandra/panda_ws/install/panda_description/share/panda_description/package.ps1'
[1.176s] INFO:colcon.colcon_core.shell:Creating package descriptor '/home/sreeharischandra/panda_ws/install/panda_description/share/panda_description/package.dsv'
[1.177s] INFO:colcon.colcon_core.shell:Creating package script '/home/sreeharischandra/panda_ws/install/panda_description/share/panda_description/package.sh'
[1.177s] INFO:colcon.colcon_core.shell:Creating package script '/home/sreeharischandra/panda_ws/install/panda_description/share/panda_description/package.bash'
[1.177s] INFO:colcon.colcon_core.shell:Creating package script '/home/sreeharischandra/panda_ws/install/panda_description/share/panda_description/package.zsh'
[1.177s] Level 1:colcon.colcon_core.environment:create_file_with_runtime_dependencies(/home/sreeharischandra/panda_ws/install/panda_description/share/colcon-core/packages/panda_description)
[1.178s] INFO:colcon.colcon_ros.task.ament_cmake.build:Building ROS package in '/home/sreeharischandra/panda_ws/src/panda_controller' with build type 'ament_cmake'
[1.178s] INFO:colcon.colcon_cmake.task.cmake.build:Building CMake package in '/home/sreeharischandra/panda_ws/src/panda_controller'
[1.178s] INFO:colcon.colcon_core.shell:Skip shell extension 'powershell' for command environment: Not usable outside of PowerShell
[1.178s] DEBUG:colcon.colcon_core.shell:Skip shell extension 'dsv' for command environment
[1.184s] DEBUG:colcon.colcon_core.event_handler.log_command:Invoking command in '/home/sreeharischandra/panda_ws/build/panda_controller': AMENT_PREFIX_PATH=/home/sreeharischandra/panda_ws/install/panda_description:${AMENT_PREFIX_PATH} CMAKE_PREFIX_PATH=/home/sreeharischandra/panda_ws/install/panda_description:/home/sreeharischandra/amr_ws/install/amr_description:/home/sreeharischandra/turtlebot3_ws/install/turtlebot3_description:/home/sreeharischandra/turtlebot3_ws/install/turtlebot3_cartographer:/opt/ros/humble /usr/bin/cmake /home/sreeharischandra/panda_ws/src/panda_controller -DAMENT_CMAKE_SYMLINK_INSTALL=1 -DCMAKE_INSTALL_PREFIX=/home/sreeharischandra/panda_ws/install/panda_controller
[2.405s] DEBUG:colcon.colcon_core.event_handler.log_command:Invoked command in '/home/sreeharischandra/panda_ws/build/panda_controller' returned '0': AMENT_PREFIX_PATH=/home/sreeharischandra/panda_ws/install/panda_description:${AMENT_PREFIX_PATH} CMAKE_PREFIX_PATH=/home/sreeharischandra/panda_ws/install/panda_description:/home/sreeharischandra/amr_ws/install/amr_description:/home/sreeharischandra/turtlebot3_ws/install/turtlebot3_description:/home/sreeharischandra/turtlebot3_ws/install/turtlebot3_cartographer:/opt/ros/humble /usr/bin/cmake /home/sreeharischandra/panda_ws/src/panda_controller -DAMENT_CMAKE_SYMLINK_INSTALL=1 -DCMAKE_INSTALL_PREFIX=/home/sreeharischandra/panda_ws/install/panda_controller
[2.410s] DEBUG:colcon.colcon_core.event_handler.log_command:Invoking command in '/home/sreeharischandra/panda_ws/build/panda_controller': AMENT_PREFIX_PATH=/home/sreeharischandra/panda_ws/install/panda_description:${AMENT_PREFIX_PATH} CMAKE_PREFIX_PATH=/home/sreeharischandra/panda_ws/install/panda_description:/home/sreeharischandra/amr_ws/install/amr_description:/home/sreeharischandra/turtlebot3_ws/install/turtlebot3_description:/home/sreeharischandra/turtlebot3_ws/install/turtlebot3_cartographer:/opt/ros/humble /usr/bin/cmake --build /home/sreeharischandra/panda_ws/build/panda_controller -- -j4 -l4
[2.695s] DEBUG:colcon.colcon_core.event_handler.log_command:Invoked command in '/home/sreeharischandra/panda_ws/build/panda_controller' returned '0': AMENT_PREFIX_PATH=/home/sreeharischandra/panda_ws/install/panda_description:${AMENT_PREFIX_PATH} CMAKE_PREFIX_PATH=/home/sreeharischandra/panda_ws/install/panda_description:/home/sreeharischandra/amr_ws/install/amr_description:/home/sreeharischandra/turtlebot3_ws/install/turtlebot3_description:/home/sreeharischandra/turtlebot3_ws/install/turtlebot3_cartographer:/opt/ros/humble /usr/bin/cmake --build /home/sreeharischandra/panda_ws/build/panda_controller -- -j4 -l4
[2.696s] DEBUG:colcon.colcon_core.event_handler.log_command:Invoking command in '/home/sreeharischandra/panda_ws/build/panda_controller': AMENT_PREFIX_PATH=/home/sreeharischandra/panda_ws/install/panda_description:${AMENT_PREFIX_PATH} CMAKE_PREFIX_PATH=/home/sreeharischandra/panda_ws/install/panda_description:/home/sreeharischandra/amr_ws/install/amr_description:/home/sreeharischandra/turtlebot3_ws/install/turtlebot3_description:/home/sreeharischandra/turtlebot3_ws/install/turtlebot3_cartographer:/opt/ros/humble /usr/bin/cmake --install /home/sreeharischandra/panda_ws/build/panda_controller
[2.794s] Level 1:colcon.colcon_core.environment:create_environment_scripts_only(panda_controller)
[2.794s] Level 1:colcon.colcon_core.environment:checking '/home/sreeharischandra/panda_ws/install/panda_controller' for CMake module files
[2.795s] DEBUG:colcon.colcon_core.event_handler.log_command:Invoked command in '/home/sreeharischandra/panda_ws/build/panda_controller' returned '0': AMENT_PREFIX_PATH=/home/sreeharischandra/panda_ws/install/panda_description:${AMENT_PREFIX_PATH} CMAKE_PREFIX_PATH=/home/sreeharischandra/panda_ws/install/panda_description:/home/sreeharischandra/amr_ws/install/amr_description:/home/sreeharischandra/turtlebot3_ws/install/turtlebot3_description:/home/sreeharischandra/turtlebot3_ws/install/turtlebot3_cartographer:/opt/ros/humble /usr/bin/cmake --install /home/sreeharischandra/panda_ws/build/panda_controller
[2.795s] Level 1:colcon.colcon_core.environment:checking '/home/sreeharischandra/panda_ws/install/panda_controller' for CMake config files
[2.795s] Level 1:colcon.colcon_core.shell:create_environment_hook('panda_controller', 'cmake_prefix_path')
[2.795s] INFO:colcon.colcon_core.shell:Creating environment hook '/home/sreeharischandra/panda_ws/install/panda_controller/share/panda_controller/hook/cmake_prefix_path.ps1'
[2.796s] INFO:colcon.colcon_core.shell:Creating environment descriptor '/home/sreeharischandra/panda_ws/install/panda_controller/share/panda_controller/hook/cmake_prefix_path.dsv'
[2.796s] INFO:colcon.colcon_core.shell:Creating environment hook '/home/sreeharischandra/panda_ws/install/panda_controller/share/panda_controller/hook/cmake_prefix_path.sh'
[2.796s] Level 1:colcon.colcon_core.environment:checking '/home/sreeharischandra/panda_ws/install/panda_controller/lib'
[2.796s] Level 1:colcon.colcon_core.environment:checking '/home/sreeharischandra/panda_ws/install/panda_controller/bin'
[2.796s] Level 1:colcon.colcon_core.environment:checking '/home/sreeharischandra/panda_ws/install/panda_controller/lib/pkgconfig/panda_controller.pc'
[2.796s] Level 1:colcon.colcon_core.environment:checking '/home/sreeharischandra/panda_ws/install/panda_controller/lib/python3.10/site-packages'
[2.797s] Level 1:colcon.colcon_core.environment:checking '/home/sreeharischandra/panda_ws/install/panda_controller/bin'
[2.797s] INFO:colcon.colcon_core.shell:Creating package script '/home/sreeharischandra/panda_ws/install/panda_controller/share/panda_controller/package.ps1'
[2.797s] INFO:colcon.colcon_core.shell:Creating package descriptor '/home/sreeharischandra/panda_ws/install/panda_controller/share/panda_controller/package.dsv'
[2.797s] INFO:colcon.colcon_core.shell:Creating package script '/home/sreeharischandra/panda_ws/install/panda_controller/share/panda_controller/package.sh'
[2.798s] INFO:colcon.colcon_core.shell:Creating package script '/home/sreeharischandra/panda_ws/install/panda_controller/share/panda_controller/package.bash'
[2.798s] INFO:colcon.colcon_core.shell:Creating package script '/home/sreeharischandra/panda_ws/install/panda_controller/share/panda_controller/package.zsh'
[2.798s] Level 1:colcon.colcon_core.environment:create_file_with_runtime_dependencies(/home/sreeharischandra/panda_ws/install/panda_controller/share/colcon-core/packages/panda_controller)
[2.798s] Level 1:colcon.colcon_core.environment:create_environment_scripts_only(panda_controller)
[2.799s] Level 1:colcon.colcon_core.environment:checking '/home/sreeharischandra/panda_ws/install/panda_controller' for CMake module files
[2.799s] Level 1:colcon.colcon_core.environment:checking '/home/sreeharischandra/panda_ws/install/panda_controller' for CMake config files
[2.799s] Level 1:colcon.colcon_core.shell:create_environment_hook('panda_controller', 'cmake_prefix_path')
[2.799s] INFO:colcon.colcon_core.shell:Creating environment hook '/home/sreeharischandra/panda_ws/install/panda_controller/share/panda_controller/hook/cmake_prefix_path.ps1'
[2.799s] INFO:colcon.colcon_core.shell:Creating environment descriptor '/home/sreeharischandra/panda_ws/install/panda_controller/share/panda_controller/hook/cmake_prefix_path.dsv'
[2.800s] INFO:colcon.colcon_core.shell:Creating environment hook '/home/sreeharischandra/panda_ws/install/panda_controller/share/panda_controller/hook/cmake_prefix_path.sh'
[2.800s] Level 1:colcon.colcon_core.environment:checking '/home/sreeharischandra/panda_ws/install/panda_controller/lib'
[2.800s] Level 1:colcon.colcon_core.environment:checking '/home/sreeharischandra/panda_ws/install/panda_controller/bin'
[2.800s] Level 1:colcon.colcon_core.environment:checking '/home/sreeharischandra/panda_ws/install/panda_controller/lib/pkgconfig/panda_controller.pc'
[2.800s] Level 1:colcon.colcon_core.environment:checking '/home/sreeharischandra/panda_ws/install/panda_controller/lib/python3.10/site-packages'
[2.800s] Level 1:colcon.colcon_core.environment:checking '/home/sreeharischandra/panda_ws/install/panda_controller/bin'
[2.800s] INFO:colcon.colcon_core.shell:Creating package script '/home/sreeharischandra/panda_ws/install/panda_controller/share/panda_controller/package.ps1'
[2.801s] INFO:colcon.colcon_core.shell:Creating package descriptor '/home/sreeharischandra/panda_ws/install/panda_controller/share/panda_controller/package.dsv'
[2.801s] INFO:colcon.colcon_core.shell:Creating package script '/home/sreeharischandra/panda_ws/install/panda_controller/share/panda_controller/package.sh'
[2.801s] INFO:colcon.colcon_core.shell:Creating package script '/home/sreeharischandra/panda_ws/install/panda_controller/share/panda_controller/package.bash'
[2.802s] INFO:colcon.colcon_core.shell:Creating package script '/home/sreeharischandra/panda_ws/install/panda_controller/share/panda_controller/package.zsh'
[2.802s] Level 1:colcon.colcon_core.environment:create_file_with_runtime_dependencies(/home/sreeharischandra/panda_ws/install/panda_controller/share/colcon-core/packages/panda_controller)
[2.802s] DEBUG:colcon.colcon_parallel_executor.executor.parallel:closing loop
[2.802s] DEBUG:colcon.colcon_parallel_executor.executor.parallel:loop closed
[2.802s] DEBUG:colcon.colcon_parallel_executor.executor.parallel:run_until_complete finished with '0'
[2.802s] DEBUG:colcon.colcon_core.event_reactor:joining thread
[2.815s] INFO:colcon.colcon_core.plugin_system:Skipping extension 'colcon_notification.desktop_notification.terminal_notifier': Not used on non-Darwin systems
[2.815s] INFO:colcon.colcon_core.plugin_system:Skipping extension 'colcon_notification.desktop_notification.win32': Not used on non-Windows systems
[2.815s] INFO:colcon.colcon_notification.desktop_notification:Sending desktop notification using 'notify2'
[2.822s] DEBUG:colcon.colcon_core.event_reactor:joined thread
[2.823s] INFO:colcon.colcon_core.shell:Creating prefix script '/home/sreeharischandra/panda_ws/install/local_setup.ps1'
[2.824s] INFO:colcon.colcon_core.shell:Creating prefix util module '/home/sreeharischandra/panda_ws/install/_local_setup_util_ps1.py'
[2.825s] INFO:colcon.colcon_core.shell:Creating prefix chain script '/home/sreeharischandra/panda_ws/install/setup.ps1'
[2.826s] INFO:colcon.colcon_core.shell:Creating prefix script '/home/sreeharischandra/panda_ws/install/local_setup.sh'
[2.827s] INFO:colcon.colcon_core.shell:Creating prefix util module '/home/sreeharischandra/panda_ws/install/_local_setup_util_sh.py'
[2.827s] INFO:colcon.colcon_core.shell:Creating prefix chain script '/home/sreeharischandra/panda_ws/install/setup.sh'
[2.828s] INFO:colcon.colcon_core.shell:Creating prefix script '/home/sreeharischandra/panda_ws/install/local_setup.bash'
[2.828s] INFO:colcon.colcon_core.shell:Creating prefix chain script '/home/sreeharischandra/panda_ws/install/setup.bash'
[2.829s] INFO:colcon.colcon_core.shell:Creating prefix script '/home/sreeharischandra/panda_ws/install/local_setup.zsh'
[2.830s] INFO:colcon.colcon_core.shell:Creating prefix chain script '/home/sreeharischandra/panda_ws/install/setup.zsh'
