[0.536s] DEBUG:colcon:Command line arguments: ['/usr/bin/colcon', 'list', '-p', '--base-paths', '/home/sreeharischandra/panda_ws']
[0.536s] DEBUG:colcon:Parsed command line arguments: Namespace(log_base=None, log_level=None, verb_name='list', build_base='build', ignore_user_meta=False, metas=['./colcon.meta'], base_paths=['/home/sreeharischandra/panda_ws'], packages_ignore=None, packages_ignore_regex=None, paths=None, packages_up_to=None, packages_up_to_regex=None, packages_above=None, packages_above_and_dependencies=None, packages_above_depth=None, packages_select_by_dep=None, packages_skip_by_dep=None, packages_skip_up_to=None, packages_select_build_failed=False, packages_skip_build_finished=False, packages_select_test_failures=False, packages_skip_test_passed=False, packages_select=None, packages_skip=None, packages_select_regex=None, packages_skip_regex=None, packages_start=None, packages_end=None, allow_overriding=[], topological_order=False, names_only=False, paths_only=True, topological_graph=False, topological_graph_dot=False, topological_graph_density=False, topological_graph_legend=False, topological_graph_dot_cluster=False, topological_graph_dot_include_skipped=False, mixin_files=None, mixin=None, verb_parser=<colcon_mixin.mixin.mixin_argument.MixinArgumentDecorator object at 0x786222795390>, verb_extension=<colcon_package_information.verb.list.ListVerb object at 0x7862227949d0>, main=<bound method ListVerb.main of <colcon_package_information.verb.list.ListVerb object at 0x7862227949d0>>, mixin_verb=('list',))
[0.755s] Level 1:colcon.colcon_core.package_discovery:discover_packages(colcon_meta) check parameters
[0.756s] Level 1:colcon.colcon_core.package_discovery:discover_packages(recursive) check parameters
[0.756s] Level 1:colcon.colcon_core.package_discovery:discover_packages(ignore) check parameters
[0.756s] Level 1:colcon.colcon_core.package_discovery:discover_packages(path) check parameters
[0.756s] Level 1:colcon.colcon_core.package_discovery:discover_packages(recursive) discover
[0.756s] INFO:colcon.colcon_core.package_discovery:Crawling recursively for packages in '/home/sreeharischandra/panda_ws'
[0.756s] Level 1:colcon.colcon_core.package_identification:_identify(/home/sreeharischandra/panda_ws) by extensions ['ignore', 'ignore_ament_install']
[0.756s] Level 1:colcon.colcon_core.package_identification:_identify(/home/sreeharischandra/panda_ws) by extension 'ignore'
[0.756s] Level 1:colcon.colcon_core.package_identification:_identify(/home/sreeharischandra/panda_ws) by extension 'ignore_ament_install'
[0.756s] Level 1:colcon.colcon_core.package_identification:_identify(/home/sreeharischandra/panda_ws) by extensions ['colcon_pkg']
[0.757s] Level 1:colcon.colcon_core.package_identification:_identify(/home/sreeharischandra/panda_ws) by extension 'colcon_pkg'
[0.757s] Level 1:colcon.colcon_core.package_identification:_identify(/home/sreeharischandra/panda_ws) by extensions ['colcon_meta']
[0.757s] Level 1:colcon.colcon_core.package_identification:_identify(/home/sreeharischandra/panda_ws) by extension 'colcon_meta'
[0.757s] Level 1:colcon.colcon_core.package_identification:_identify(/home/sreeharischandra/panda_ws) by extensions ['ros']
[0.757s] Level 1:colcon.colcon_core.package_identification:_identify(/home/sreeharischandra/panda_ws) by extension 'ros'
[0.813s] Level 1:colcon.colcon_core.package_identification:_identify(/home/sreeharischandra/panda_ws) by extensions ['cmake', 'python']
[0.813s] Level 1:colcon.colcon_core.package_identification:_identify(/home/sreeharischandra/panda_ws) by extension 'cmake'
[0.814s] Level 1:colcon.colcon_core.package_identification:_identify(/home/sreeharischandra/panda_ws) by extension 'python'
[0.814s] Level 1:colcon.colcon_core.package_identification:_identify(/home/sreeharischandra/panda_ws) by extensions ['python_setup_py']
[0.814s] Level 1:colcon.colcon_core.package_identification:_identify(/home/sreeharischandra/panda_ws) by extension 'python_setup_py'
[0.814s] Level 1:colcon.colcon_core.package_identification:_identify(/home/sreeharischandra/panda_ws/log) by extensions ['ignore', 'ignore_ament_install']
[0.814s] Level 1:colcon.colcon_core.package_identification:_identify(/home/sreeharischandra/panda_ws/log) by extension 'ignore'
[0.814s] Level 1:colcon.colcon_core.package_identification:_identify(/home/sreeharischandra/panda_ws/log) ignored
[0.817s] Level 1:colcon.colcon_core.package_identification:_identify(/home/sreeharischandra/panda_ws/src) by extensions ['ignore', 'ignore_ament_install']
[0.818s] Level 1:colcon.colcon_core.package_identification:_identify(/home/sreeharischandra/panda_ws/src) by extension 'ignore'
[0.818s] Level 1:colcon.colcon_core.package_identification:_identify(/home/sreeharischandra/panda_ws/src) by extension 'ignore_ament_install'
[0.818s] Level 1:colcon.colcon_core.package_identification:_identify(/home/sreeharischandra/panda_ws/src) by extensions ['colcon_pkg']
[0.819s] Level 1:colcon.colcon_core.package_identification:_identify(/home/sreeharischandra/panda_ws/src) by extension 'colcon_pkg'
[0.820s] Level 1:colcon.colcon_core.package_identification:_identify(/home/sreeharischandra/panda_ws/src) by extensions ['colcon_meta']
[0.820s] Level 1:colcon.colcon_core.package_identification:_identify(/home/sreeharischandra/panda_ws/src) by extension 'colcon_meta'
[0.820s] Level 1:colcon.colcon_core.package_identification:_identify(/home/sreeharischandra/panda_ws/src) by extensions ['ros']
[0.820s] Level 1:colcon.colcon_core.package_identification:_identify(/home/sreeharischandra/panda_ws/src) by extension 'ros'
[0.821s] Level 1:colcon.colcon_core.package_identification:_identify(/home/sreeharischandra/panda_ws/src) by extensions ['cmake', 'python']
[0.821s] Level 1:colcon.colcon_core.package_identification:_identify(/home/sreeharischandra/panda_ws/src) by extension 'cmake'
[0.821s] Level 1:colcon.colcon_core.package_identification:_identify(/home/sreeharischandra/panda_ws/src) by extension 'python'
[0.821s] Level 1:colcon.colcon_core.package_identification:_identify(/home/sreeharischandra/panda_ws/src) by extensions ['python_setup_py']
[0.821s] Level 1:colcon.colcon_core.package_identification:_identify(/home/sreeharischandra/panda_ws/src) by extension 'python_setup_py'
[0.822s] Level 1:colcon.colcon_core.package_identification:_identify(/home/sreeharischandra/panda_ws/src/panda_description) by extensions ['ignore', 'ignore_ament_install']
[0.822s] Level 1:colcon.colcon_core.package_identification:_identify(/home/sreeharischandra/panda_ws/src/panda_description) by extension 'ignore'
[0.822s] Level 1:colcon.colcon_core.package_identification:_identify(/home/sreeharischandra/panda_ws/src/panda_description) by extension 'ignore_ament_install'
[0.822s] Level 1:colcon.colcon_core.package_identification:_identify(/home/sreeharischandra/panda_ws/src/panda_description) by extensions ['colcon_pkg']
[0.822s] Level 1:colcon.colcon_core.package_identification:_identify(/home/sreeharischandra/panda_ws/src/panda_description) by extension 'colcon_pkg'
[0.822s] Level 1:colcon.colcon_core.package_identification:_identify(/home/sreeharischandra/panda_ws/src/panda_description) by extensions ['colcon_meta']
[0.822s] Level 1:colcon.colcon_core.package_identification:_identify(/home/sreeharischandra/panda_ws/src/panda_description) by extension 'colcon_meta'
[0.823s] Level 1:colcon.colcon_core.package_identification:_identify(/home/sreeharischandra/panda_ws/src/panda_description) by extensions ['ros']
[0.823s] Level 1:colcon.colcon_core.package_identification:_identify(/home/sreeharischandra/panda_ws/src/panda_description) by extension 'ros'
[0.835s] DEBUG:colcon.colcon_core.package_identification:Package '/home/sreeharischandra/panda_ws/src/panda_description' with type 'ros.ament_cmake' and name 'panda_description'
[0.835s] Level 1:colcon.colcon_core.package_discovery:discover_packages(recursive) using defaults
