[0.015s] Invoking command in '/home/sreeharischandra/panda_ws/build/panda_description': CMAKE_PREFIX_PATH=${CMAKE_PREFIX_PATH}:/opt/ros/humble /usr/bin/cmake --build /home/sreeharischandra/panda_ws/build/panda_description -- -j4 -l4
[0.042s] Invoked command in '/home/sreeharischandra/panda_ws/build/panda_description' returned '0': CMAKE_PREFIX_PATH=${CMAKE_PREFIX_PATH}:/opt/ros/humble /usr/bin/cmake --build /home/sreeharischandra/panda_ws/build/panda_description -- -j4 -l4
[0.050s] Invoking command in '/home/sreeharischandra/panda_ws/build/panda_description': CMAKE_PREFIX_PATH=${CMAKE_PREFIX_PATH}:/opt/ros/humble /usr/bin/cmake --install /home/sreeharischandra/panda_ws/build/panda_description
[0.054s] -- Install configuration: ""
[0.054s] -- Up-to-date: /home/sreeharischandra/panda_ws/install/panda_description/share/panda_description/launch
[0.054s] -- Up-to-date: /home/sreeharischandra/panda_ws/install/panda_description/share/panda_description/launch/gazebo.launch.py
[0.054s] -- Up-to-date: /home/sreeharischandra/panda_ws/install/panda_description/share/panda_description/launch/display.launch.py
[0.054s] -- Up-to-date: /home/sreeharischandra/panda_ws/install/panda_description/share/panda_description/meshes
[0.054s] -- Up-to-date: /home/sreeharischandra/panda_ws/install/panda_description/share/panda_description/meshes/visual
[0.054s] -- Up-to-date: /home/sreeharischandra/panda_ws/install/panda_description/share/panda_description/meshes/visual/link4.dae
[0.054s] -- Up-to-date: /home/sreeharischandra/panda_ws/install/panda_description/share/panda_description/meshes/visual/link3.dae
[0.055s] -- Up-to-date: /home/sreeharischandra/panda_ws/install/panda_description/share/panda_description/meshes/visual/link2.dae
[0.055s] -- Up-to-date: /home/sreeharischandra/panda_ws/install/panda_description/share/panda_description/meshes/visual/hand.dae
[0.055s] -- Up-to-date: /home/sreeharischandra/panda_ws/install/panda_description/share/panda_description/meshes/visual/link1.dae
[0.055s] -- Up-to-date: /home/sreeharischandra/panda_ws/install/panda_description/share/panda_description/meshes/visual/link7.dae
[0.058s] -- Up-to-date: /home/sreeharischandra/panda_ws/install/panda_description/share/panda_description/meshes/visual/finger.dae
[0.058s] -- Up-to-date: /home/sreeharischandra/panda_ws/install/panda_description/share/panda_description/meshes/visual/camera.stl
[0.065s] -- Up-to-date: /home/sreeharischandra/panda_ws/install/panda_description/share/panda_description/meshes/visual/link0.dae
[0.065s] -- Up-to-date: /home/sreeharischandra/panda_ws/install/panda_description/share/panda_description/meshes/visual/link6.dae
[0.066s] -- Up-to-date: /home/sreeharischandra/panda_ws/install/panda_description/share/panda_description/meshes/visual/link5.dae
[0.066s] -- Up-to-date: /home/sreeharischandra/panda_ws/install/panda_description/share/panda_description/meshes/collision
[0.066s] -- Up-to-date: /home/sreeharischandra/panda_ws/install/panda_description/share/panda_description/meshes/collision/link5.obj
[0.066s] -- Up-to-date: /home/sreeharischandra/panda_ws/install/panda_description/share/panda_description/meshes/collision/link7.obj
[0.066s] -- Up-to-date: /home/sreeharischandra/panda_ws/install/panda_description/share/panda_description/meshes/collision/hand.obj
[0.066s] -- Up-to-date: /home/sreeharischandra/panda_ws/install/panda_description/share/panda_description/meshes/collision/link2.obj
[0.066s] -- Up-to-date: /home/sreeharischandra/panda_ws/install/panda_description/share/panda_description/meshes/collision/link0.obj
[0.066s] -- Up-to-date: /home/sreeharischandra/panda_ws/install/panda_description/share/panda_description/meshes/collision/link3.obj
[0.066s] -- Up-to-date: /home/sreeharischandra/panda_ws/install/panda_description/share/panda_description/meshes/collision/link1.obj
[0.066s] -- Up-to-date: /home/sreeharischandra/panda_ws/install/panda_description/share/panda_description/meshes/collision/finger.obj
[0.066s] -- Up-to-date: /home/sreeharischandra/panda_ws/install/panda_description/share/panda_description/meshes/collision/camera.stl
[0.066s] -- Up-to-date: /home/sreeharischandra/panda_ws/install/panda_description/share/panda_description/meshes/collision/link4.obj
[0.066s] -- Up-to-date: /home/sreeharischandra/panda_ws/install/panda_description/share/panda_description/meshes/collision/link6.obj
[0.066s] -- Up-to-date: /home/sreeharischandra/panda_ws/install/panda_description/share/panda_description/urdf
[0.066s] -- Installing: /home/sreeharischandra/panda_ws/install/panda_description/share/panda_description/urdf/ros2control.xacro
[0.066s] -- Up-to-date: /home/sreeharischandra/panda_ws/install/panda_description/share/panda_description/urdf/panda.urdf.xacro
[0.067s] -- Up-to-date: /home/sreeharischandra/panda_ws/install/panda_description/share/panda_description/urdf/arm.xacro
[0.067s] -- Installing: /home/sreeharischandra/panda_ws/install/panda_description/share/panda_description/urdf/gazebo.xacro
[0.067s] -- Up-to-date: /home/sreeharischandra/panda_ws/install/panda_description/share/panda_description/rviz
[0.067s] -- Up-to-date: /home/sreeharischandra/panda_ws/install/panda_description/share/panda_description/rviz/display.rviz
[0.067s] -- Up-to-date: /home/sreeharischandra/panda_ws/install/panda_description/share/ament_index/resource_index/package_run_dependencies/panda_description
[0.067s] -- Up-to-date: /home/sreeharischandra/panda_ws/install/panda_description/share/ament_index/resource_index/parent_prefix_path/panda_description
[0.067s] -- Up-to-date: /home/sreeharischandra/panda_ws/install/panda_description/share/panda_description/environment/ament_prefix_path.sh
[0.067s] -- Up-to-date: /home/sreeharischandra/panda_ws/install/panda_description/share/panda_description/environment/ament_prefix_path.dsv
[0.067s] -- Up-to-date: /home/sreeharischandra/panda_ws/install/panda_description/share/panda_description/environment/path.sh
[0.067s] -- Up-to-date: /home/sreeharischandra/panda_ws/install/panda_description/share/panda_description/environment/path.dsv
[0.067s] -- Up-to-date: /home/sreeharischandra/panda_ws/install/panda_description/share/panda_description/local_setup.bash
[0.068s] -- Up-to-date: /home/sreeharischandra/panda_ws/install/panda_description/share/panda_description/local_setup.sh
[0.068s] -- Up-to-date: /home/sreeharischandra/panda_ws/install/panda_description/share/panda_description/local_setup.zsh
[0.068s] -- Up-to-date: /home/sreeharischandra/panda_ws/install/panda_description/share/panda_description/local_setup.dsv
[0.068s] -- Installing: /home/sreeharischandra/panda_ws/install/panda_description/share/panda_description/package.dsv
[0.070s] -- Up-to-date: /home/sreeharischandra/panda_ws/install/panda_description/share/ament_index/resource_index/packages/panda_description
[0.070s] -- Up-to-date: /home/sreeharischandra/panda_ws/install/panda_description/share/panda_description/cmake/panda_descriptionConfig.cmake
[0.070s] -- Up-to-date: /home/sreeharischandra/panda_ws/install/panda_description/share/panda_description/cmake/panda_descriptionConfig-version.cmake
[0.070s] -- Up-to-date: /home/sreeharischandra/panda_ws/install/panda_description/share/panda_description/package.xml
[0.070s] Invoked command in '/home/sreeharischandra/panda_ws/build/panda_description' returned '0': CMAKE_PREFIX_PATH=${CMAKE_PREFIX_PATH}:/opt/ros/humble /usr/bin/cmake --install /home/sreeharischandra/panda_ws/build/panda_description
