[9.436s] DEBUG:colcon:Command line arguments: ['/usr/bin/colcon', 'list', '-p', '--base-paths', '/home/sreeharischandra/panda_ws']
[9.437s] DEBUG:colcon:Parsed command line arguments: Namespace(log_base=None, log_level=None, verb_name='list', build_base='build', ignore_user_meta=False, metas=['./colcon.meta'], base_paths=['/home/sreeharischandra/panda_ws'], packages_ignore=None, packages_ignore_regex=None, paths=None, packages_up_to=None, packages_up_to_regex=None, packages_above=None, packages_above_and_dependencies=None, packages_above_depth=None, packages_select_by_dep=None, packages_skip_by_dep=None, packages_skip_up_to=None, packages_select_build_failed=False, packages_skip_build_finished=False, packages_select_test_failures=False, packages_skip_test_passed=False, packages_select=None, packages_skip=None, packages_select_regex=None, packages_skip_regex=None, packages_start=None, packages_end=None, allow_overriding=[], topological_order=False, names_only=False, paths_only=True, topological_graph=False, topological_graph_dot=False, topological_graph_density=False, topological_graph_legend=False, topological_graph_dot_cluster=False, topological_graph_dot_include_skipped=False, mixin_files=None, mixin=None, verb_parser=<colcon_mixin.mixin.mixin_argument.MixinArgumentDecorator object at 0x79165aaa5150>, verb_extension=<colcon_package_information.verb.list.ListVerb object at 0x79165aaa4790>, main=<bound method ListVerb.main of <colcon_package_information.verb.list.ListVerb object at 0x79165aaa4790>>, mixin_verb=('list',))
[12.327s] Level 1:colcon.colcon_core.package_discovery:discover_packages(colcon_meta) check parameters
[12.337s] Level 1:colcon.colcon_core.package_discovery:discover_packages(recursive) check parameters
[12.337s] Level 1:colcon.colcon_core.package_discovery:discover_packages(ignore) check parameters
[12.337s] Level 1:colcon.colcon_core.package_discovery:discover_packages(path) check parameters
[12.337s] Level 1:colcon.colcon_core.package_discovery:discover_packages(recursive) discover
[12.347s] INFO:colcon.colcon_core.package_discovery:Crawling recursively for packages in '/home/sreeharischandra/panda_ws'
[12.350s] Level 1:colcon.colcon_core.package_identification:_identify(/home/sreeharischandra/panda_ws) by extensions ['ignore', 'ignore_ament_install']
[12.358s] Level 1:colcon.colcon_core.package_identification:_identify(/home/sreeharischandra/panda_ws) by extension 'ignore'
[12.361s] Level 1:colcon.colcon_core.package_identification:_identify(/home/sreeharischandra/panda_ws) by extension 'ignore_ament_install'
[12.366s] Level 1:colcon.colcon_core.package_identification:_identify(/home/sreeharischandra/panda_ws) by extensions ['colcon_pkg']
[12.372s] Level 1:colcon.colcon_core.package_identification:_identify(/home/sreeharischandra/panda_ws) by extension 'colcon_pkg'
[12.378s] Level 1:colcon.colcon_core.package_identification:_identify(/home/sreeharischandra/panda_ws) by extensions ['colcon_meta']
[12.378s] Level 1:colcon.colcon_core.package_identification:_identify(/home/sreeharischandra/panda_ws) by extension 'colcon_meta'
[12.378s] Level 1:colcon.colcon_core.package_identification:_identify(/home/sreeharischandra/panda_ws) by extensions ['ros']
[12.378s] Level 1:colcon.colcon_core.package_identification:_identify(/home/sreeharischandra/panda_ws) by extension 'ros'
[13.058s] Level 1:colcon.colcon_core.package_identification:_identify(/home/sreeharischandra/panda_ws) by extensions ['cmake', 'python']
[13.058s] Level 1:colcon.colcon_core.package_identification:_identify(/home/sreeharischandra/panda_ws) by extension 'cmake'
[13.058s] Level 1:colcon.colcon_core.package_identification:_identify(/home/sreeharischandra/panda_ws) by extension 'python'
[13.058s] Level 1:colcon.colcon_core.package_identification:_identify(/home/sreeharischandra/panda_ws) by extensions ['python_setup_py']
[13.058s] Level 1:colcon.colcon_core.package_identification:_identify(/home/sreeharischandra/panda_ws) by extension 'python_setup_py'
[13.058s] Level 1:colcon.colcon_core.package_identification:_identify(/home/sreeharischandra/panda_ws/log) by extensions ['ignore', 'ignore_ament_install']
[13.058s] Level 1:colcon.colcon_core.package_identification:_identify(/home/sreeharischandra/panda_ws/log) by extension 'ignore'
[13.059s] Level 1:colcon.colcon_core.package_identification:_identify(/home/sreeharischandra/panda_ws/log) ignored
[13.059s] Level 1:colcon.colcon_core.package_identification:_identify(/home/sreeharischandra/panda_ws/src) by extensions ['ignore', 'ignore_ament_install']
[13.059s] Level 1:colcon.colcon_core.package_identification:_identify(/home/sreeharischandra/panda_ws/src) by extension 'ignore'
[13.059s] Level 1:colcon.colcon_core.package_identification:_identify(/home/sreeharischandra/panda_ws/src) by extension 'ignore_ament_install'
[13.059s] Level 1:colcon.colcon_core.package_identification:_identify(/home/sreeharischandra/panda_ws/src) by extensions ['colcon_pkg']
[13.059s] Level 1:colcon.colcon_core.package_identification:_identify(/home/sreeharischandra/panda_ws/src) by extension 'colcon_pkg'
[13.059s] Level 1:colcon.colcon_core.package_identification:_identify(/home/sreeharischandra/panda_ws/src) by extensions ['colcon_meta']
[13.059s] Level 1:colcon.colcon_core.package_identification:_identify(/home/sreeharischandra/panda_ws/src) by extension 'colcon_meta'
[13.059s] Level 1:colcon.colcon_core.package_identification:_identify(/home/sreeharischandra/panda_ws/src) by extensions ['ros']
[13.059s] Level 1:colcon.colcon_core.package_identification:_identify(/home/sreeharischandra/panda_ws/src) by extension 'ros'
[13.059s] Level 1:colcon.colcon_core.package_identification:_identify(/home/sreeharischandra/panda_ws/src) by extensions ['cmake', 'python']
[13.059s] Level 1:colcon.colcon_core.package_identification:_identify(/home/sreeharischandra/panda_ws/src) by extension 'cmake'
[13.060s] Level 1:colcon.colcon_core.package_identification:_identify(/home/sreeharischandra/panda_ws/src) by extension 'python'
[13.060s] Level 1:colcon.colcon_core.package_identification:_identify(/home/sreeharischandra/panda_ws/src) by extensions ['python_setup_py']
[13.060s] Level 1:colcon.colcon_core.package_identification:_identify(/home/sreeharischandra/panda_ws/src) by extension 'python_setup_py'
[13.062s] Level 1:colcon.colcon_core.package_identification:_identify(/home/sreeharischandra/panda_ws/src/panda_description) by extensions ['ignore', 'ignore_ament_install']
[13.063s] Level 1:colcon.colcon_core.package_identification:_identify(/home/sreeharischandra/panda_ws/src/panda_description) by extension 'ignore'
[13.063s] Level 1:colcon.colcon_core.package_identification:_identify(/home/sreeharischandra/panda_ws/src/panda_description) by extension 'ignore_ament_install'
[13.063s] Level 1:colcon.colcon_core.package_identification:_identify(/home/sreeharischandra/panda_ws/src/panda_description) by extensions ['colcon_pkg']
[13.063s] Level 1:colcon.colcon_core.package_identification:_identify(/home/sreeharischandra/panda_ws/src/panda_description) by extension 'colcon_pkg'
[13.063s] Level 1:colcon.colcon_core.package_identification:_identify(/home/sreeharischandra/panda_ws/src/panda_description) by extensions ['colcon_meta']
[13.063s] Level 1:colcon.colcon_core.package_identification:_identify(/home/sreeharischandra/panda_ws/src/panda_description) by extension 'colcon_meta'
[13.063s] Level 1:colcon.colcon_core.package_identification:_identify(/home/sreeharischandra/panda_ws/src/panda_description) by extensions ['ros']
[13.063s] Level 1:colcon.colcon_core.package_identification:_identify(/home/sreeharischandra/panda_ws/src/panda_description) by extension 'ros'
[13.142s] DEBUG:colcon.colcon_core.package_identification:Package '/home/sreeharischandra/panda_ws/src/panda_description' with type 'ros.ament_cmake' and name 'panda_description'
[13.142s] Level 1:colcon.colcon_core.package_discovery:discover_packages(recursive) using defaults
