[0.010s] Invoking command in '/home/sreeharischandra/panda_ws/build/panda_description': CMAKE_PREFIX_PATH=/opt/ros/humble /usr/bin/cmake /home/sreeharischandra/panda_ws/src/panda_description -DCMAKE_INSTALL_PREFIX=/home/sreeharischandra/panda_ws/install/panda_description
[0.116s] -- The C compiler identification is GNU 11.4.0
[0.188s] -- The CXX compiler identification is GNU 11.4.0
[0.201s] -- Detecting C compiler ABI info
[0.251s] -- Detecting C compiler ABI info - done
[0.258s] -- Check for working C compiler: /usr/bin/cc - skipped
[0.258s] -- Detecting C compile features
[0.259s] -- Detecting C compile features - done
[0.261s] -- Detecting CXX compiler ABI info
[0.319s] -- Detecting CXX compiler ABI info - done
[0.327s] -- Check for working CXX compiler: /usr/bin/c++ - skipped
[0.328s] -- Detecting CXX compile features
[0.328s] -- Detecting CXX compile features - done
[0.336s] -- Found ament_cmake: 1.3.12 (/opt/ros/humble/share/ament_cmake/cmake)
[0.613s] -- Found Python3: /usr/bin/python3 (found version "3.10.12") found components: Interpreter 
[0.710s] -- Found ament_lint_auto: 0.12.14 (/opt/ros/humble/share/ament_lint_auto/cmake)
[0.780s] -- Added test 'flake8' to check Python code syntax and style conventions
[0.780s] -- Added test 'lint_cmake' to check CMake code style
[0.781s] -- Added test 'pep257' to check Python code against some of the docstring style conventions in PEP 257
[0.782s] -- Added test 'xmllint' to check XML markup files
[0.783s] -- Configuring done
[0.785s] -- Generating done
[0.786s] -- Build files have been written to: /home/sreeharischandra/panda_ws/build/panda_description
[0.790s] Invoked command in '/home/sreeharischandra/panda_ws/build/panda_description' returned '0': CMAKE_PREFIX_PATH=/opt/ros/humble /usr/bin/cmake /home/sreeharischandra/panda_ws/src/panda_description -DCMAKE_INSTALL_PREFIX=/home/sreeharischandra/panda_ws/install/panda_description
[0.792s] Invoking command in '/home/sreeharischandra/panda_ws/build/panda_description': CMAKE_PREFIX_PATH=/opt/ros/humble /usr/bin/cmake --build /home/sreeharischandra/panda_ws/build/panda_description -- -j4 -l4
[0.807s] Invoked command in '/home/sreeharischandra/panda_ws/build/panda_description' returned '0': CMAKE_PREFIX_PATH=/opt/ros/humble /usr/bin/cmake --build /home/sreeharischandra/panda_ws/build/panda_description -- -j4 -l4
[0.812s] Invoking command in '/home/sreeharischandra/panda_ws/build/panda_description': CMAKE_PREFIX_PATH=/opt/ros/humble /usr/bin/cmake --install /home/sreeharischandra/panda_ws/build/panda_description
[0.815s] -- Install configuration: ""
[0.815s] -- Installing: /home/sreeharischandra/panda_ws/install/panda_description/share/panda_description/launch
[0.816s] -- Installing: /home/sreeharischandra/panda_ws/install/panda_description/share/panda_description/launch/display.launch.py
[0.816s] -- Installing: /home/sreeharischandra/panda_ws/install/panda_description/share/panda_description/meshes
[0.816s] -- Installing: /home/sreeharischandra/panda_ws/install/panda_description/share/panda_description/meshes/visual
[0.816s] -- Installing: /home/sreeharischandra/panda_ws/install/panda_description/share/panda_description/meshes/visual/link4.dae
[0.818s] -- Installing: /home/sreeharischandra/panda_ws/install/panda_description/share/panda_description/meshes/visual/link3.dae
[0.820s] -- Installing: /home/sreeharischandra/panda_ws/install/panda_description/share/panda_description/meshes/visual/link2.dae
[0.823s] -- Installing: /home/sreeharischandra/panda_ws/install/panda_description/share/panda_description/meshes/visual/hand.dae
[0.825s] -- Installing: /home/sreeharischandra/panda_ws/install/panda_description/share/panda_description/meshes/visual/link1.dae
[0.827s] -- Installing: /home/sreeharischandra/panda_ws/install/panda_description/share/panda_description/meshes/visual/link7.dae
[0.829s] -- Installing: /home/sreeharischandra/panda_ws/install/panda_description/share/panda_description/meshes/visual/finger.dae
[0.830s] -- Installing: /home/sreeharischandra/panda_ws/install/panda_description/share/panda_description/meshes/visual/camera.stl
[0.831s] -- Installing: /home/sreeharischandra/panda_ws/install/panda_description/share/panda_description/meshes/visual/link0.dae
[0.833s] -- Installing: /home/sreeharischandra/panda_ws/install/panda_description/share/panda_description/meshes/visual/link6.dae
[0.836s] -- Installing: /home/sreeharischandra/panda_ws/install/panda_description/share/panda_description/meshes/visual/link5.dae
[0.840s] -- Installing: /home/sreeharischandra/panda_ws/install/panda_description/share/panda_description/meshes/collision
[0.840s] -- Installing: /home/sreeharischandra/panda_ws/install/panda_description/share/panda_description/meshes/collision/link5.obj
[0.840s] -- Installing: /home/sreeharischandra/panda_ws/install/panda_description/share/panda_description/meshes/collision/link7.obj
[0.841s] -- Installing: /home/sreeharischandra/panda_ws/install/panda_description/share/panda_description/meshes/collision/hand.obj
[0.841s] -- Installing: /home/sreeharischandra/panda_ws/install/panda_description/share/panda_description/meshes/collision/link2.obj
[0.841s] -- Installing: /home/sreeharischandra/panda_ws/install/panda_description/share/panda_description/meshes/collision/link0.obj
[0.841s] -- Installing: /home/sreeharischandra/panda_ws/install/panda_description/share/panda_description/meshes/collision/link3.obj
[0.842s] -- Installing: /home/sreeharischandra/panda_ws/install/panda_description/share/panda_description/meshes/collision/link1.obj
[0.842s] -- Installing: /home/sreeharischandra/panda_ws/install/panda_description/share/panda_description/meshes/collision/finger.obj
[0.842s] -- Installing: /home/sreeharischandra/panda_ws/install/panda_description/share/panda_description/meshes/collision/camera.stl
[0.843s] -- Installing: /home/sreeharischandra/panda_ws/install/panda_description/share/panda_description/meshes/collision/link4.obj
[0.843s] -- Installing: /home/sreeharischandra/panda_ws/install/panda_description/share/panda_description/meshes/collision/link6.obj
[0.851s] -- Installing: /home/sreeharischandra/panda_ws/install/panda_description/share/panda_description/urdf
[0.851s] -- Installing: /home/sreeharischandra/panda_ws/install/panda_description/share/panda_description/urdf/panda.urdf.xacro
[0.852s] -- Installing: /home/sreeharischandra/panda_ws/install/panda_description/share/panda_description/urdf/arm.xacro
[0.852s] -- Installing: /home/sreeharischandra/panda_ws/install/panda_description/share/panda_description/rviz
[0.852s] -- Installing: /home/sreeharischandra/panda_ws/install/panda_description/share/panda_description/rviz/display.rviz
[0.852s] -- Installing: /home/sreeharischandra/panda_ws/install/panda_description/share/ament_index/resource_index/package_run_dependencies/panda_description
[0.852s] -- Installing: /home/sreeharischandra/panda_ws/install/panda_description/share/ament_index/resource_index/parent_prefix_path/panda_description
[0.852s] -- Installing: /home/sreeharischandra/panda_ws/install/panda_description/share/panda_description/environment/ament_prefix_path.sh
[0.852s] -- Installing: /home/sreeharischandra/panda_ws/install/panda_description/share/panda_description/environment/ament_prefix_path.dsv
[0.852s] -- Installing: /home/sreeharischandra/panda_ws/install/panda_description/share/panda_description/environment/path.sh
[0.852s] -- Installing: /home/sreeharischandra/panda_ws/install/panda_description/share/panda_description/environment/path.dsv
[0.852s] -- Installing: /home/sreeharischandra/panda_ws/install/panda_description/share/panda_description/local_setup.bash
[0.852s] -- Installing: /home/sreeharischandra/panda_ws/install/panda_description/share/panda_description/local_setup.sh
[0.853s] -- Installing: /home/sreeharischandra/panda_ws/install/panda_description/share/panda_description/local_setup.zsh
[0.853s] -- Installing: /home/sreeharischandra/panda_ws/install/panda_description/share/panda_description/local_setup.dsv
[0.853s] -- Installing: /home/sreeharischandra/panda_ws/install/panda_description/share/panda_description/package.dsv
[0.853s] -- Installing: /home/sreeharischandra/panda_ws/install/panda_description/share/ament_index/resource_index/packages/panda_description
[0.853s] -- Installing: /home/sreeharischandra/panda_ws/install/panda_description/share/panda_description/cmake/panda_descriptionConfig.cmake
[0.853s] -- Installing: /home/sreeharischandra/panda_ws/install/panda_description/share/panda_description/cmake/panda_descriptionConfig-version.cmake
[0.853s] -- Installing: /home/sreeharischandra/panda_ws/install/panda_description/share/panda_description/package.xml
[0.854s] Invoked command in '/home/sreeharischandra/panda_ws/build/panda_description' returned '0': CMAKE_PREFIX_PATH=/opt/ros/humble /usr/bin/cmake --install /home/sreeharischandra/panda_ws/build/panda_description
