[0.006s] Invoking command in '/home/sreeharischandra/panda_ws/build/panda_controller': CMAKE_PREFIX_PATH=${CMAKE_PREFIX_PATH}:/opt/ros/humble /usr/bin/cmake /home/sreeharischandra/panda_ws/src/panda_controller -DCMAKE_INSTALL_PREFIX=/home/sreeharischandra/panda_ws/install/panda_controller
[0.012s] -- Found ament_cmake: 1.3.12 (/opt/ros/humble/share/ament_cmake/cmake)
[0.080s] -- Found rclpy: 3.3.17 (/opt/ros/humble/share/rclpy/cmake)
[0.080s] -- Found sensor_msgs: 4.9.0 (/opt/ros/humble/share/sensor_msgs/cmake)
[0.099s] -- Found rosidl_generator_c: 3.1.7 (/opt/ros/humble/share/rosidl_generator_c/cmake)
[0.101s] -- Found rosidl_adapter: 3.1.7 (/opt/ros/humble/share/rosidl_adapter/cmake)
[0.105s] -- Found rosidl_generator_cpp: 3.1.7 (/opt/ros/humble/share/rosidl_generator_cpp/cmake)
[0.111s] -- Using all available rosidl_typesupport_c: rosidl_typesupport_fastrtps_c;rosidl_typesupport_introspection_c
[0.119s] -- Using all available rosidl_typesupport_cpp: rosidl_typesupport_fastrtps_cpp;rosidl_typesupport_introspection_cpp
[0.155s] -- Found trajectory_msgs: 4.9.0 (/opt/ros/humble/share/trajectory_msgs/cmake)
[0.166s] -- Found control_msgs: 4.8.0 (/opt/ros/humble/share/control_msgs/cmake)
[0.201s] -- Found controller_manager: 2.51.0 (/opt/ros/humble/share/controller_manager/cmake)
[0.240s] -- Found rmw_implementation_cmake: 6.1.2 (/opt/ros/humble/share/rmw_implementation_cmake/cmake)
[0.241s] -- Found rmw_fastrtps_cpp: 6.2.8 (/opt/ros/humble/share/rmw_fastrtps_cpp/cmake)
[0.254s] -- Found TinyXML2 via Config file: TinyXML2_DIR-NOTFOUND
[0.259s] -- Found TinyXML2 via Config file: TinyXML2_DIR-NOTFOUND
[0.273s] -- Found TinyXML2 via Config file: TinyXML2_DIR-NOTFOUND
[0.278s] -- Found TinyXML2 via Config file: TinyXML2_DIR-NOTFOUND
[0.287s] -- Using RMW implementation 'rmw_fastrtps_cpp' as default
[0.345s] -- Found joint_trajectory_controller: 2.49.1 (/opt/ros/humble/share/joint_trajectory_controller/cmake)
[0.377s] -- Found joint_state_broadcaster: 2.49.1 (/opt/ros/humble/share/joint_state_broadcaster/cmake)
[0.433s] -- Found ament_lint_auto: 0.12.14 (/opt/ros/humble/share/ament_lint_auto/cmake)
[0.509s] -- Added test 'flake8' to check Python code syntax and style conventions
[0.510s] -- Added test 'lint_cmake' to check CMake code style
[0.510s] -- Added test 'pep257' to check Python code against some of the docstring style conventions in PEP 257
[0.512s] -- Added test 'xmllint' to check XML markup files
[0.513s] -- Configuring done
[0.518s] -- Generating done
[0.521s] -- Build files have been written to: /home/sreeharischandra/panda_ws/build/panda_controller
[0.528s] Invoked command in '/home/sreeharischandra/panda_ws/build/panda_controller' returned '0': CMAKE_PREFIX_PATH=${CMAKE_PREFIX_PATH}:/opt/ros/humble /usr/bin/cmake /home/sreeharischandra/panda_ws/src/panda_controller -DCMAKE_INSTALL_PREFIX=/home/sreeharischandra/panda_ws/install/panda_controller
[0.529s] Invoking command in '/home/sreeharischandra/panda_ws/build/panda_controller': CMAKE_PREFIX_PATH=${CMAKE_PREFIX_PATH}:/opt/ros/humble /usr/bin/cmake --build /home/sreeharischandra/panda_ws/build/panda_controller -- -j4 -l4
[0.548s] Built target ament_cmake_python_copy_panda_controller
[0.734s] running egg_info
[0.753s] creating panda_controller.egg-info
[0.754s] writing panda_controller.egg-info/PKG-INFO
[0.754s] writing dependency_links to panda_controller.egg-info/dependency_links.txt
[0.754s] writing top-level names to panda_controller.egg-info/top_level.txt
[0.754s] writing manifest file 'panda_controller.egg-info/SOURCES.txt'
[0.820s] reading manifest file 'panda_controller.egg-info/SOURCES.txt'
[0.821s] writing manifest file 'panda_controller.egg-info/SOURCES.txt'
[0.850s] Built target ament_cmake_python_build_panda_controller_egg
[0.854s] Invoked command in '/home/sreeharischandra/panda_ws/build/panda_controller' returned '0': CMAKE_PREFIX_PATH=${CMAKE_PREFIX_PATH}:/opt/ros/humble /usr/bin/cmake --build /home/sreeharischandra/panda_ws/build/panda_controller -- -j4 -l4
[0.855s] Invoking command in '/home/sreeharischandra/panda_ws/build/panda_controller': CMAKE_PREFIX_PATH=${CMAKE_PREFIX_PATH}:/opt/ros/humble /usr/bin/cmake --install /home/sreeharischandra/panda_ws/build/panda_controller
[0.859s] -- Install configuration: ""
[0.859s] -- Installing: /home/sreeharischandra/panda_ws/install/panda_controller/share/panda_controller//launch
[0.859s] -- Installing: /home/sreeharischandra/panda_ws/install/panda_controller/share/panda_controller//launch/panda_controller.launch.py
[0.860s] -- Installing: /home/sreeharischandra/panda_ws/install/panda_controller/share/panda_controller//config
[0.860s] -- Installing: /home/sreeharischandra/panda_ws/install/panda_controller/share/panda_controller//config/controllers.yaml
[0.860s] -- Installing: /home/sreeharischandra/panda_ws/install/panda_controller/share/panda_controller/environment/pythonpath.sh
[0.860s] -- Installing: /home/sreeharischandra/panda_ws/install/panda_controller/share/panda_controller/environment/pythonpath.dsv
[0.861s] -- Installing: /home/sreeharischandra/panda_ws/install/panda_controller/local/lib/python3.10/dist-packages/panda_controller-0.0.0-py3.10.egg-info
[0.861s] -- Installing: /home/sreeharischandra/panda_ws/install/panda_controller/local/lib/python3.10/dist-packages/panda_controller-0.0.0-py3.10.egg-info/PKG-INFO
[0.861s] -- Installing: /home/sreeharischandra/panda_ws/install/panda_controller/local/lib/python3.10/dist-packages/panda_controller-0.0.0-py3.10.egg-info/top_level.txt
[0.861s] -- Installing: /home/sreeharischandra/panda_ws/install/panda_controller/local/lib/python3.10/dist-packages/panda_controller-0.0.0-py3.10.egg-info/dependency_links.txt
[0.861s] -- Installing: /home/sreeharischandra/panda_ws/install/panda_controller/local/lib/python3.10/dist-packages/panda_controller-0.0.0-py3.10.egg-info/SOURCES.txt
[0.861s] -- Installing: /home/sreeharischandra/panda_ws/install/panda_controller/local/lib/python3.10/dist-packages/panda_controller
[0.861s] -- Installing: /home/sreeharischandra/panda_ws/install/panda_controller/local/lib/python3.10/dist-packages/panda_controller/slider_controller.py
[0.861s] -- Installing: /home/sreeharischandra/panda_ws/install/panda_controller/local/lib/python3.10/dist-packages/panda_controller/__init__.py
[0.909s] Listing '/home/sreeharischandra/panda_ws/install/panda_controller/local/lib/python3.10/dist-packages/panda_controller'...
[0.909s] Compiling '/home/sreeharischandra/panda_ws/install/panda_controller/local/lib/python3.10/dist-packages/panda_controller/__init__.py'...
[0.909s] Compiling '/home/sreeharischandra/panda_ws/install/panda_controller/local/lib/python3.10/dist-packages/panda_controller/slider_controller.py'...
[0.913s] -- Installing: /home/sreeharischandra/panda_ws/install/panda_controller/lib/panda_controller/slider_controller.py
[0.913s] -- Installing: /home/sreeharischandra/panda_ws/install/panda_controller/share/ament_index/resource_index/package_run_dependencies/panda_controller
[0.913s] -- Installing: /home/sreeharischandra/panda_ws/install/panda_controller/share/ament_index/resource_index/parent_prefix_path/panda_controller
[0.914s] -- Installing: /home/sreeharischandra/panda_ws/install/panda_controller/share/panda_controller/environment/ament_prefix_path.sh
[0.914s] -- Installing: /home/sreeharischandra/panda_ws/install/panda_controller/share/panda_controller/environment/ament_prefix_path.dsv
[0.914s] -- Installing: /home/sreeharischandra/panda_ws/install/panda_controller/share/panda_controller/environment/path.sh
[0.914s] -- Installing: /home/sreeharischandra/panda_ws/install/panda_controller/share/panda_controller/environment/path.dsv
[0.914s] -- Installing: /home/sreeharischandra/panda_ws/install/panda_controller/share/panda_controller/local_setup.bash
[0.915s] -- Installing: /home/sreeharischandra/panda_ws/install/panda_controller/share/panda_controller/local_setup.sh
[0.915s] -- Installing: /home/sreeharischandra/panda_ws/install/panda_controller/share/panda_controller/local_setup.zsh
[0.915s] -- Installing: /home/sreeharischandra/panda_ws/install/panda_controller/share/panda_controller/local_setup.dsv
[0.915s] -- Installing: /home/sreeharischandra/panda_ws/install/panda_controller/share/panda_controller/package.dsv
[0.915s] -- Installing: /home/sreeharischandra/panda_ws/install/panda_controller/share/ament_index/resource_index/packages/panda_controller
[0.915s] -- Installing: /home/sreeharischandra/panda_ws/install/panda_controller/share/panda_controller/cmake/panda_controllerConfig.cmake
[0.915s] -- Installing: /home/sreeharischandra/panda_ws/install/panda_controller/share/panda_controller/cmake/panda_controllerConfig-version.cmake
[0.915s] -- Installing: /home/sreeharischandra/panda_ws/install/panda_controller/share/panda_controller/package.xml
[0.924s] Invoked command in '/home/sreeharischandra/panda_ws/build/panda_controller' returned '0': CMAKE_PREFIX_PATH=${CMAKE_PREFIX_PATH}:/opt/ros/humble /usr/bin/cmake --install /home/sreeharischandra/panda_ws/build/panda_controller
