[0.008s] Invoking command in '/home/sreeharischandra/panda_ws/build/panda_description': CMAKE_PREFIX_PATH=${CMAKE_PREFIX_PATH}:/opt/ros/humble /usr/bin/cmake /home/sreeharischandra/panda_ws/src/panda_description -DAMENT_CMAKE_SYMLINK_INSTALL=1 -DCMAKE_INSTALL_PREFIX=/home/sreeharischandra/panda_ws/install/panda_description
[0.048s] -- The C compiler identification is GNU 11.4.0
[0.084s] -- The CXX compiler identification is GNU 11.4.0
[0.090s] -- Detecting C compiler ABI info
[0.128s] -- Detecting C compiler ABI info - done
[0.134s] -- Check for working C compiler: /usr/bin/cc - skipped
[0.134s] -- Detecting C compile features
[0.135s] -- Detecting C compile features - done
[0.137s] -- Detecting CXX compiler ABI info
[0.182s] -- Detecting CXX compiler ABI info - done
[0.188s] -- Check for working CXX compiler: /usr/bin/c++ - skipped
[0.188s] -- Detecting CXX compile features
[0.189s] -- Detecting CXX compile features - done
[0.190s] -- Found ament_cmake: 1.3.14 (/opt/ros/humble/share/ament_cmake/cmake)
[0.566s] -- Found Python3: /usr/bin/python3 (found version "3.10.12") found components: Interpreter 
[0.639s] -- Override CMake install command with custom implementation using symlinks instead of copying resources
[0.669s] -- Found ament_lint_auto: 0.12.15 (/opt/ros/humble/share/ament_lint_auto/cmake)
[0.785s] -- Added test 'flake8' to check Python code syntax and style conventions
[0.786s] -- Added test 'lint_cmake' to check CMake code style
[0.787s] -- Added test 'pep257' to check Python code against some of the docstring style conventions in PEP 257
[0.790s] -- Added test 'xmllint' to check XML markup files
[0.793s] -- Configuring done
[0.797s] -- Generating done
[0.798s] -- Build files have been written to: /home/sreeharischandra/panda_ws/build/panda_description
[0.804s] Invoked command in '/home/sreeharischandra/panda_ws/build/panda_description' returned '0': CMAKE_PREFIX_PATH=${CMAKE_PREFIX_PATH}:/opt/ros/humble /usr/bin/cmake /home/sreeharischandra/panda_ws/src/panda_description -DAMENT_CMAKE_SYMLINK_INSTALL=1 -DCMAKE_INSTALL_PREFIX=/home/sreeharischandra/panda_ws/install/panda_description
[0.805s] Invoking command in '/home/sreeharischandra/panda_ws/build/panda_description': CMAKE_PREFIX_PATH=${CMAKE_PREFIX_PATH}:/opt/ros/humble /usr/bin/cmake --build /home/sreeharischandra/panda_ws/build/panda_description -- -j4 -l4
[0.821s] Invoked command in '/home/sreeharischandra/panda_ws/build/panda_description' returned '0': CMAKE_PREFIX_PATH=${CMAKE_PREFIX_PATH}:/opt/ros/humble /usr/bin/cmake --build /home/sreeharischandra/panda_ws/build/panda_description -- -j4 -l4
[0.826s] Invoking command in '/home/sreeharischandra/panda_ws/build/panda_description': CMAKE_PREFIX_PATH=${CMAKE_PREFIX_PATH}:/opt/ros/humble /usr/bin/cmake --install /home/sreeharischandra/panda_ws/build/panda_description
[0.831s] -- Install configuration: ""
[0.832s] -- Execute custom install script
[0.832s] -- Symlinking: /home/sreeharischandra/panda_ws/install/panda_description/share/panda_description/launch/display.launch.py
[0.835s] -- Symlinking: /home/sreeharischandra/panda_ws/install/panda_description/share/panda_description/launch/gazebo.launch.py
[0.838s] -- Symlinking: /home/sreeharischandra/panda_ws/install/panda_description/share/panda_description/meshes/collision/camera.stl
[0.840s] -- Symlinking: /home/sreeharischandra/panda_ws/install/panda_description/share/panda_description/meshes/collision/finger.obj
[0.844s] -- Symlinking: /home/sreeharischandra/panda_ws/install/panda_description/share/panda_description/meshes/collision/hand.obj
[0.846s] -- Symlinking: /home/sreeharischandra/panda_ws/install/panda_description/share/panda_description/meshes/collision/link0.obj
[0.849s] -- Symlinking: /home/sreeharischandra/panda_ws/install/panda_description/share/panda_description/meshes/collision/link1.obj
[0.852s] -- Symlinking: /home/sreeharischandra/panda_ws/install/panda_description/share/panda_description/meshes/collision/link2.obj
[0.854s] -- Symlinking: /home/sreeharischandra/panda_ws/install/panda_description/share/panda_description/meshes/collision/link3.obj
[0.856s] -- Symlinking: /home/sreeharischandra/panda_ws/install/panda_description/share/panda_description/meshes/collision/link4.obj
[0.860s] -- Symlinking: /home/sreeharischandra/panda_ws/install/panda_description/share/panda_description/meshes/collision/link5.obj
[0.862s] -- Symlinking: /home/sreeharischandra/panda_ws/install/panda_description/share/panda_description/meshes/collision/link6.obj
[0.865s] -- Symlinking: /home/sreeharischandra/panda_ws/install/panda_description/share/panda_description/meshes/collision/link7.obj
[0.867s] -- Symlinking: /home/sreeharischandra/panda_ws/install/panda_description/share/panda_description/meshes/visual/camera.stl
[0.869s] -- Symlinking: /home/sreeharischandra/panda_ws/install/panda_description/share/panda_description/meshes/visual/finger.dae
[0.871s] -- Symlinking: /home/sreeharischandra/panda_ws/install/panda_description/share/panda_description/meshes/visual/hand.dae
[0.874s] -- Symlinking: /home/sreeharischandra/panda_ws/install/panda_description/share/panda_description/meshes/visual/link0.dae
[0.876s] -- Symlinking: /home/sreeharischandra/panda_ws/install/panda_description/share/panda_description/meshes/visual/link1.dae
[0.879s] -- Symlinking: /home/sreeharischandra/panda_ws/install/panda_description/share/panda_description/meshes/visual/link2.dae
[0.881s] -- Symlinking: /home/sreeharischandra/panda_ws/install/panda_description/share/panda_description/meshes/visual/link3.dae
[0.884s] -- Symlinking: /home/sreeharischandra/panda_ws/install/panda_description/share/panda_description/meshes/visual/link4.dae
[0.886s] -- Symlinking: /home/sreeharischandra/panda_ws/install/panda_description/share/panda_description/meshes/visual/link5.dae
[0.889s] -- Symlinking: /home/sreeharischandra/panda_ws/install/panda_description/share/panda_description/meshes/visual/link6.dae
[0.891s] -- Symlinking: /home/sreeharischandra/panda_ws/install/panda_description/share/panda_description/meshes/visual/link7.dae
[0.893s] -- Symlinking: /home/sreeharischandra/panda_ws/install/panda_description/share/panda_description/urdf/arm.xacro
[0.895s] -- Symlinking: /home/sreeharischandra/panda_ws/install/panda_description/share/panda_description/urdf/gazebo.xacro
[0.898s] -- Symlinking: /home/sreeharischandra/panda_ws/install/panda_description/share/panda_description/urdf/panda.urdf.xacro
[0.900s] -- Symlinking: /home/sreeharischandra/panda_ws/install/panda_description/share/panda_description/urdf/ros2control.xacro
[0.902s] -- Symlinking: /home/sreeharischandra/panda_ws/install/panda_description/share/panda_description/rviz/display.rviz
[0.904s] -- Symlinking: /home/sreeharischandra/panda_ws/install/panda_description/share/panda_description/worlds/empty.world
[0.907s] -- Symlinking: /home/sreeharischandra/panda_ws/install/panda_description/share/panda_description/models/aws_robomaker_residential_CoffeeTable_01/materials/textures/aws_CoffeeTable_01.png
[0.909s] -- Symlinking: /home/sreeharischandra/panda_ws/install/panda_description/share/panda_description/models/aws_robomaker_residential_CoffeeTable_01/meshes/aws_CoffeeTable_01_collision.DAE
[0.911s] -- Symlinking: /home/sreeharischandra/panda_ws/install/panda_description/share/panda_description/models/aws_robomaker_residential_CoffeeTable_01/meshes/aws_CoffeeTable_01_visual.DAE
[0.914s] -- Symlinking: /home/sreeharischandra/panda_ws/install/panda_description/share/panda_description/models/aws_robomaker_residential_CoffeeTable_01/model.config
[0.916s] -- Symlinking: /home/sreeharischandra/panda_ws/install/panda_description/share/panda_description/models/aws_robomaker_residential_CoffeeTable_01/model.sdf
[0.918s] -- Symlinking: /home/sreeharischandra/panda_ws/install/panda_description/share/panda_description/models/aws_robomaker_residential_Trash_01/materials/textures/aws_Trash_01.png
[0.920s] -- Symlinking: /home/sreeharischandra/panda_ws/install/panda_description/share/panda_description/models/aws_robomaker_residential_Trash_01/meshes/aws_Trash_01_collision.DAE
[0.922s] -- Symlinking: /home/sreeharischandra/panda_ws/install/panda_description/share/panda_description/models/aws_robomaker_residential_Trash_01/meshes/aws_Trash_01_visual.DAE
[0.925s] -- Symlinking: /home/sreeharischandra/panda_ws/install/panda_description/share/panda_description/models/aws_robomaker_residential_Trash_01/model.config
[0.927s] -- Symlinking: /home/sreeharischandra/panda_ws/install/panda_description/share/panda_description/models/aws_robomaker_residential_Trash_01/model.sdf
[0.930s] -- Symlinking: /home/sreeharischandra/panda_ws/install/panda_description/share/ament_index/resource_index/package_run_dependencies/panda_description
[0.932s] -- Symlinking: /home/sreeharischandra/panda_ws/install/panda_description/share/ament_index/resource_index/parent_prefix_path/panda_description
[0.935s] -- Symlinking: /home/sreeharischandra/panda_ws/install/panda_description/share/panda_description/environment/ament_prefix_path.sh
[0.937s] -- Symlinking: /home/sreeharischandra/panda_ws/install/panda_description/share/panda_description/environment/ament_prefix_path.dsv
[0.939s] -- Symlinking: /home/sreeharischandra/panda_ws/install/panda_description/share/panda_description/environment/path.sh
[0.942s] -- Symlinking: /home/sreeharischandra/panda_ws/install/panda_description/share/panda_description/environment/path.dsv
[0.945s] -- Symlinking: /home/sreeharischandra/panda_ws/install/panda_description/share/panda_description/local_setup.bash
[0.948s] -- Symlinking: /home/sreeharischandra/panda_ws/install/panda_description/share/panda_description/local_setup.sh
[0.950s] -- Symlinking: /home/sreeharischandra/panda_ws/install/panda_description/share/panda_description/local_setup.zsh
[0.952s] -- Symlinking: /home/sreeharischandra/panda_ws/install/panda_description/share/panda_description/local_setup.dsv
[0.955s] -- Symlinking: /home/sreeharischandra/panda_ws/install/panda_description/share/panda_description/package.dsv
[0.957s] -- Symlinking: /home/sreeharischandra/panda_ws/install/panda_description/share/ament_index/resource_index/packages/panda_description
[0.960s] -- Symlinking: /home/sreeharischandra/panda_ws/install/panda_description/share/panda_description/cmake/panda_descriptionConfig.cmake
[0.962s] -- Symlinking: /home/sreeharischandra/panda_ws/install/panda_description/share/panda_description/cmake/panda_descriptionConfig-version.cmake
[0.964s] -- Symlinking: /home/sreeharischandra/panda_ws/install/panda_description/share/panda_description/package.xml
[0.967s] Invoked command in '/home/sreeharischandra/panda_ws/build/panda_description' returned '0': CMAKE_PREFIX_PATH=${CMAKE_PREFIX_PATH}:/opt/ros/humble /usr/bin/cmake --install /home/sreeharischandra/panda_ws/build/panda_description
